This is pdfTeX, Version 3.14159265-2.6-1.40.15 (TeX Live 2015/dev/Debian) (preloaded format=pdflatex 2015.10.31)  5 NOV 2015 22:46
entering extended mode
 restricted \write18 enabled.
 %&-line parsing enabled.
**OnlineLearningIJCNN.tex
(./OnlineLearningIJCNN.tex
LaTeX2e <2014/05/01>
Babel <3.9l> and hyphenation patterns for 79 languages loaded.
(./IEEEtran.cls
Document Class: IEEEtran 2012/11/21 V1.8c by Harald Hanche-Olsen and Anders Chr
istensen
-- Based on V1.7a by Michael Shell
-- See the "IEEEtran_HOWTO" manual for usage information.
-- http://www.michaelshell.org/tex/ieeetran/
\@IEEEtrantmpdimenA=\dimen102
\@IEEEtrantmpdimenB=\dimen103
\@IEEEtrantmpcountA=\count79
\@IEEEtrantmpcountB=\count80
\@IEEEtrantmptoksA=\toks14
LaTeX Font Info:    Try loading font information for OT1+ptm on input line 373.

(/usr/share/texlive/texmf-dist/tex/latex/psnfss/ot1ptm.fd
File: ot1ptm.fd 2001/06/04 font definitions for OT1/ptm.
)
-- Using 8.5in x 11in (letter) paper.
-- Using PDF output.
\@IEEEnormalsizeunitybaselineskip=\dimen104
-- This is a 10 point document.
\CLASSINFOnormalsizebaselineskip=\dimen105
\CLASSINFOnormalsizeunitybaselineskip=\dimen106
\IEEEnormaljot=\dimen107
LaTeX Font Info:    Font shape `OT1/ptm/bx/n' in size <5> not available
(Font)              Font shape `OT1/ptm/b/n' tried instead on input line 731.
LaTeX Font Info:    Font shape `OT1/ptm/bx/it' in size <5> not available
(Font)              Font shape `OT1/ptm/b/it' tried instead on input line 731.
LaTeX Font Info:    Font shape `OT1/ptm/bx/n' in size <7> not available
(Font)              Font shape `OT1/ptm/b/n' tried instead on input line 731.
LaTeX Font Info:    Font shape `OT1/ptm/bx/it' in size <7> not available
(Font)              Font shape `OT1/ptm/b/it' tried instead on input line 731.
LaTeX Font Info:    Font shape `OT1/ptm/bx/n' in size <8> not available
(Font)              Font shape `OT1/ptm/b/n' tried instead on input line 731.
LaTeX Font Info:    Font shape `OT1/ptm/bx/it' in size <8> not available
(Font)              Font shape `OT1/ptm/b/it' tried instead on input line 731.
LaTeX Font Info:    Font shape `OT1/ptm/bx/n' in size <9> not available
(Font)              Font shape `OT1/ptm/b/n' tried instead on input line 731.
LaTeX Font Info:    Font shape `OT1/ptm/bx/it' in size <9> not available
(Font)              Font shape `OT1/ptm/b/it' tried instead on input line 731.
LaTeX Font Info:    Font shape `OT1/ptm/bx/n' in size <10> not available
(Font)              Font shape `OT1/ptm/b/n' tried instead on input line 731.
LaTeX Font Info:    Font shape `OT1/ptm/bx/it' in size <10> not available
(Font)              Font shape `OT1/ptm/b/it' tried instead on input line 731.
LaTeX Font Info:    Font shape `OT1/ptm/bx/n' in size <11> not available
(Font)              Font shape `OT1/ptm/b/n' tried instead on input line 731.
LaTeX Font Info:    Font shape `OT1/ptm/bx/it' in size <11> not available
(Font)              Font shape `OT1/ptm/b/it' tried instead on input line 731.
LaTeX Font Info:    Font shape `OT1/ptm/bx/n' in size <12> not available
(Font)              Font shape `OT1/ptm/b/n' tried instead on input line 731.
LaTeX Font Info:    Font shape `OT1/ptm/bx/it' in size <12> not available
(Font)              Font shape `OT1/ptm/b/it' tried instead on input line 731.
LaTeX Font Info:    Font shape `OT1/ptm/bx/n' in size <17> not available
(Font)              Font shape `OT1/ptm/b/n' tried instead on input line 731.
LaTeX Font Info:    Font shape `OT1/ptm/bx/it' in size <17> not available
(Font)              Font shape `OT1/ptm/b/it' tried instead on input line 731.
LaTeX Font Info:    Font shape `OT1/ptm/bx/n' in size <20> not available
(Font)              Font shape `OT1/ptm/b/n' tried instead on input line 731.
LaTeX Font Info:    Font shape `OT1/ptm/bx/it' in size <20> not available
(Font)              Font shape `OT1/ptm/b/it' tried instead on input line 731.
LaTeX Font Info:    Font shape `OT1/ptm/bx/n' in size <24> not available
(Font)              Font shape `OT1/ptm/b/n' tried instead on input line 731.
LaTeX Font Info:    Font shape `OT1/ptm/bx/it' in size <24> not available
(Font)              Font shape `OT1/ptm/b/it' tried instead on input line 731.
\IEEEilabelindentA=\dimen108
\IEEEilabelindentB=\dimen109
\IEEEilabelindent=\dimen110
\IEEEelabelindent=\dimen111
\IEEEdlabelindent=\dimen112
\IEEElabelindent=\dimen113
\IEEEiednormlabelsep=\dimen114
\IEEEiedmathlabelsep=\dimen115
\IEEEiedtopsep=\skip41
\c@section=\count81
\c@subsection=\count82
\c@subsubsection=\count83
\c@paragraph=\count84
\c@IEEEsubequation=\count85
\abovecaptionskip=\skip42
\belowcaptionskip=\skip43
\c@figure=\count86
\c@table=\count87
\@IEEEeqnnumcols=\count88
\@IEEEeqncolcnt=\count89
\@IEEEtmpitemindent=\dimen116
\c@IEEEbiography=\count90
\@IEEEtranrubishbin=\box26
) (/usr/share/texlive/texmf-dist/tex/latex/graphics/graphicx.sty
Package: graphicx 2014/04/25 v1.0g Enhanced LaTeX Graphics (DPC,SPQR)

(/usr/share/texlive/texmf-dist/tex/latex/graphics/keyval.sty
Package: keyval 2014/05/08 v1.15 key=value parser (DPC)
\KV@toks@=\toks15
)
(/usr/share/texlive/texmf-dist/tex/latex/graphics/graphics.sty
Package: graphics 2009/02/05 v1.0o Standard LaTeX Graphics (DPC,SPQR)

(/usr/share/texlive/texmf-dist/tex/latex/graphics/trig.sty
Package: trig 1999/03/16 v1.09 sin cos tan (DPC)
)
(/usr/share/texlive/texmf-dist/tex/latex/latexconfig/graphics.cfg
File: graphics.cfg 2010/04/23 v1.9 graphics configuration of TeX Live
)
Package graphics Info: Driver file: pdftex.def on input line 91.

(/usr/share/texlive/texmf-dist/tex/latex/pdftex-def/pdftex.def
File: pdftex.def 2011/05/27 v0.06d Graphics/color for pdfTeX

(/usr/share/texlive/texmf-dist/tex/generic/oberdiek/infwarerr.sty
Package: infwarerr 2010/04/08 v1.3 Providing info/warning/error messages (HO)
)
(/usr/share/texlive/texmf-dist/tex/generic/oberdiek/ltxcmds.sty
Package: ltxcmds 2011/11/09 v1.22 LaTeX kernel commands for general use (HO)
)
\Gread@gobject=\count91
))
\Gin@req@height=\dimen117
\Gin@req@width=\dimen118
)
(/usr/share/texlive/texmf-dist/tex/latex/amsmath/amsmath.sty
Package: amsmath 2013/01/14 v2.14 AMS math features
\@mathmargin=\skip44

For additional information on amsmath, use the `?' option.
(/usr/share/texlive/texmf-dist/tex/latex/amsmath/amstext.sty
Package: amstext 2000/06/29 v2.01

(/usr/share/texlive/texmf-dist/tex/latex/amsmath/amsgen.sty
File: amsgen.sty 1999/11/30 v2.0
\@emptytoks=\toks16
\ex@=\dimen119
))
(/usr/share/texlive/texmf-dist/tex/latex/amsmath/amsbsy.sty
Package: amsbsy 1999/11/29 v1.2d
\pmbraise@=\dimen120
)
(/usr/share/texlive/texmf-dist/tex/latex/amsmath/amsopn.sty
Package: amsopn 1999/12/14 v2.01 operator names
)
\inf@bad=\count92
LaTeX Info: Redefining \frac on input line 210.
\uproot@=\count93
\leftroot@=\count94
LaTeX Info: Redefining \overline on input line 306.
\classnum@=\count95
\DOTSCASE@=\count96
LaTeX Info: Redefining \ldots on input line 378.
LaTeX Info: Redefining \dots on input line 381.
LaTeX Info: Redefining \cdots on input line 466.
\Mathstrutbox@=\box27
\strutbox@=\box28
\big@size=\dimen121
LaTeX Font Info:    Redeclaring font encoding OML on input line 566.
LaTeX Font Info:    Redeclaring font encoding OMS on input line 567.
\macc@depth=\count97
\c@MaxMatrixCols=\count98
\dotsspace@=\muskip10
\c@parentequation=\count99
\dspbrk@lvl=\count100
\tag@help=\toks17
\row@=\count101
\column@=\count102
\maxfields@=\count103
\andhelp@=\toks18
\eqnshift@=\dimen122
\alignsep@=\dimen123
\tagshift@=\dimen124
\tagwidth@=\dimen125
\totwidth@=\dimen126
\lineht@=\dimen127
\@envbody=\toks19
\multlinegap=\skip45
\multlinetaggap=\skip46
\mathdisplay@stack=\toks20
LaTeX Info: Redefining \[ on input line 2665.
LaTeX Info: Redefining \] on input line 2666.
)
(/usr/share/texlive/texmf-dist/tex/latex/amsfonts/amssymb.sty
Package: amssymb 2013/01/14 v3.01 AMS font symbols

(/usr/share/texlive/texmf-dist/tex/latex/amsfonts/amsfonts.sty
Package: amsfonts 2013/01/14 v3.01 Basic AMSFonts support
\symAMSa=\mathgroup4
\symAMSb=\mathgroup5
LaTeX Font Info:    Overwriting math alphabet `\mathfrak' in version `bold'
(Font)                  U/euf/m/n --> U/euf/b/n on input line 106.
))
(/usr/share/texlive/texmf-dist/tex/latex/wrapfig/wrapfig.sty
\wrapoverhang=\dimen128
\WF@size=\dimen129
\c@WF@wrappedlines=\count104
\WF@box=\box29
\WF@everypar=\toks21
Package: wrapfig 2003/01/31  v 3.6
)
(/usr/share/texlive/texmf-dist/tex/latex/url/url.sty
\Urlmuskip=\muskip11
Package: url 2013/09/16  ver 3.4  Verb mode for urls, etc.
)
(/usr/share/texlive/texmf-dist/tex/latex/subfig/subfig.sty
Package: subfig 2005/06/28 ver: 1.3 subfig package

(/usr/share/texlive/texmf-dist/tex/latex/caption/caption3.sty
Package: caption3 2013/05/02 v1.6-88 caption3 kernel (AR)
Package caption3 Info: TeX engine: e-TeX on input line 57.
\captionmargin=\dimen130
\captionmargin@=\dimen131
\captionwidth=\dimen132
\caption@tempdima=\dimen133
\caption@indent=\dimen134
\caption@parindent=\dimen135
\caption@hangindent=\dimen136
Package caption Info: Unknown document class (or package),
(caption)             standard defaults will be used.
)
\c@KVtest=\count105
\sf@farskip=\skip47
\sf@captopadj=\dimen137
\sf@capskip=\skip48
\sf@nearskip=\skip49
\c@subfigure=\count106
\c@subfigure@save=\count107
\c@lofdepth=\count108
\c@subtable=\count109
\c@subtable@save=\count110
\c@lotdepth=\count111
\sf@top=\skip50
\sf@bottom=\skip51
)
(/usr/share/texlive/texmf-dist/tex/latex/algorithmicx/algpseudocode.sty
Package: algpseudocode 

(/usr/share/texlive/texmf-dist/tex/latex/base/ifthen.sty
Package: ifthen 2014/09/29 v1.1c Standard LaTeX ifthen package (DPC)
)
(/usr/share/texlive/texmf-dist/tex/latex/algorithmicx/algorithmicx.sty
Package: algorithmicx 2005/04/27 v1.2 Algorithmicx

Document Style algorithmicx 1.2 - a greatly improved `algorithmic' style
\c@ALG@line=\count112
\c@ALG@rem=\count113
\c@ALG@nested=\count114
\ALG@tlm=\skip52
\ALG@thistlm=\skip53
\c@ALG@Lnr=\count115
\c@ALG@blocknr=\count116
\c@ALG@storecount=\count117
\c@ALG@tmpcounter=\count118
\ALG@tmplength=\skip54
)
Document Style - pseudocode environments for use with the `algorithmicx' style
) (./OnlineLearningIJCNN.aux)
\openout1 = `OnlineLearningIJCNN.aux'.

LaTeX Font Info:    Checking defaults for OML/cmm/m/it on input line 18.
LaTeX Font Info:    ... okay on input line 18.
LaTeX Font Info:    Checking defaults for T1/cmr/m/n on input line 18.
LaTeX Font Info:    ... okay on input line 18.
LaTeX Font Info:    Checking defaults for OT1/cmr/m/n on input line 18.
LaTeX Font Info:    ... okay on input line 18.
LaTeX Font Info:    Checking defaults for OMS/cmsy/m/n on input line 18.
LaTeX Font Info:    ... okay on input line 18.
LaTeX Font Info:    Checking defaults for OMX/cmex/m/n on input line 18.
LaTeX Font Info:    ... okay on input line 18.
LaTeX Font Info:    Checking defaults for U/cmr/m/n on input line 18.
LaTeX Font Info:    ... okay on input line 18.

(/usr/share/texlive/texmf-dist/tex/context/base/supp-pdf.mkii
[Loading MPS to PDF converter (version 2006.09.02).]
\scratchcounter=\count119
\scratchdimen=\dimen138
\scratchbox=\box30
\nofMPsegments=\count120
\nofMParguments=\count121
\everyMPshowfont=\toks22
\MPscratchCnt=\count122
\MPscratchDim=\dimen139
\MPnumerator=\count123
\makeMPintoPDFobject=\count124
\everyMPtoPDFconversion=\toks23
) (/usr/share/texlive/texmf-dist/tex/generic/oberdiek/pdftexcmds.sty
Package: pdftexcmds 2011/11/29 v0.20 Utility functions of pdfTeX for LuaTeX (HO
)

(/usr/share/texlive/texmf-dist/tex/generic/oberdiek/ifluatex.sty
Package: ifluatex 2010/03/01 v1.3 Provides the ifluatex switch (HO)
Package ifluatex Info: LuaTeX not detected.
)
(/usr/share/texlive/texmf-dist/tex/generic/oberdiek/ifpdf.sty
Package: ifpdf 2011/01/30 v2.3 Provides the ifpdf switch (HO)
Package ifpdf Info: pdfTeX in PDF mode is detected.
)
Package pdftexcmds Info: LuaTeX not detected.
Package pdftexcmds Info: \pdf@primitive is available.
Package pdftexcmds Info: \pdf@ifprimitive is available.
Package pdftexcmds Info: \pdfdraftmode found.
)
(/usr/share/texlive/texmf-dist/tex/latex/oberdiek/epstopdf-base.sty
Package: epstopdf-base 2010/02/09 v2.5 Base part for package epstopdf

(/usr/share/texlive/texmf-dist/tex/latex/oberdiek/grfext.sty
Package: grfext 2010/08/19 v1.1 Manage graphics extensions (HO)

(/usr/share/texlive/texmf-dist/tex/generic/oberdiek/kvdefinekeys.sty
Package: kvdefinekeys 2011/04/07 v1.3 Define keys (HO)
))
(/usr/share/texlive/texmf-dist/tex/latex/oberdiek/kvoptions.sty
Package: kvoptions 2011/06/30 v3.11 Key value format for package options (HO)

(/usr/share/texlive/texmf-dist/tex/generic/oberdiek/kvsetkeys.sty
Package: kvsetkeys 2012/04/25 v1.16 Key value parser (HO)

(/usr/share/texlive/texmf-dist/tex/generic/oberdiek/etexcmds.sty
Package: etexcmds 2011/02/16 v1.5 Avoid name clashes with e-TeX commands (HO)
Package etexcmds Info: Could not find \expanded.
(etexcmds)             That can mean that you are not using pdfTeX 1.50 or
(etexcmds)             that some package has redefined \expanded.
(etexcmds)             In the latter case, load this package earlier.
)))
Package grfext Info: Graphics extension search list:
(grfext)             [.png,.pdf,.jpg,.mps,.jpeg,.jbig2,.jb2,.PNG,.PDF,.JPG,.JPE
G,.JBIG2,.JB2,.eps]
(grfext)             \AppendGraphicsExtensions on input line 452.

(/usr/share/texlive/texmf-dist/tex/latex/latexconfig/epstopdf-sys.cfg
File: epstopdf-sys.cfg 2010/07/13 v1.3 Configuration of (r)epstopdf for TeX Liv
e
))
Package caption Info: Begin \AtBeginDocument code.
Package caption Info: subfig package v1.3 is loaded.
Package caption Info: End \AtBeginDocument code.
LaTeX Font Info:    Calculating math sizes for size <11> on input line 33.
LaTeX Font Info:    Try loading font information for U+msa on input line 33.

(/usr/share/texlive/texmf-dist/tex/latex/amsfonts/umsa.fd
File: umsa.fd 2013/01/14 v3.01 AMS symbols A
)
LaTeX Font Info:    Try loading font information for U+msb on input line 33.

(/usr/share/texlive/texmf-dist/tex/latex/amsfonts/umsb.fd
File: umsb.fd 2013/01/14 v3.01 AMS symbols B
) [1{/var/lib/texmf/fonts/map/pdftex/updmap/pdftex.map}


]
Underfull \hbox (badness 1424) in paragraph at lines 171--172
[]\OT1/ptm/m/n/10 Whenever a new pro-to-type $\OT1/cmr/m/n/10 (\OT1/cmr/bx/n/10
 w\OML/cmm/m/it/10 ; l\OT1/cmr/m/n/10 )$ \OT1/ptm/m/n/10 is pro-posed by a
 []


Underfull \hbox (badness 3098) in paragraph at lines 171--172
\OT1/ptm/m/n/10 place-ment strat-egy and in-serted into the net-work, i.e.
 []


Underfull \hbox (badness 10000) in paragraph at lines 171--172

 []


! Package amsmath Error: Erroneous nesting of equation structures;
(amsmath)                trying to recover with `aligned'.

See the amsmath package documentation for explanation.
Type  H <return>  for immediate help.
 ...                                              
                                                  
l.177 \end{align*}
                  
Try typing  <return>  to proceed.
If that doesn't work, type  X <return>  to quit.

<Images/Toy/Border_random_07_0_initial.png, id=19, 1031.855pt x 1062.97125pt>
File: Images/Toy/Border_random_07_0_initial.png Graphic file (type png)

<use Images/Toy/Border_random_07_0_initial.png>
Package pdftex.def Info: Images/Toy/Border_random_07_0_initial.png used on inpu
t line 245.
(pdftex.def)             Requested size: 78.61176pt x 80.9683pt.

<Images/Toy/Overlap_random_07_0_initial.png, id=20, 1031.855pt x 1062.97125pt>
File: Images/Toy/Overlap_random_07_0_initial.png Graphic file (type png)

<use Images/Toy/Overlap_random_07_0_initial.png>
Package pdftex.def Info: Images/Toy/Overlap_random_07_0_initial.png used on inp
ut line 248.
(pdftex.def)             Requested size: 78.61176pt x 80.9683pt.

<Images/Toy/Toy1_random_07_Closest_2_final.png, id=21, 1031.855pt x 1062.97125p
t>
File: Images/Toy/Toy1_random_07_Closest_2_final.png Graphic file (type png)
 <use Images/Toy/Toy1_random_07_Closest_2_final.png>
Package pdftex.def Info: Images/Toy/Toy1_random_07_Closest_2_final.png used on 
input line 262.
(pdftex.def)             Requested size: 62.8894pt x 64.78113pt.

<Images/Toy/Toy1_random_07_Cluster_1_final.png, id=22, 1031.855pt x 1062.97125p
t>
File: Images/Toy/Toy1_random_07_Cluster_1_final.png Graphic file (type png)
 <use Images/Toy/Toy1_random_07_Cluster_1_final.png>
Package pdftex.def Info: Images/Toy/Toy1_random_07_Cluster_1_final.png used on 
input line 263.
(pdftex.def)             Requested size: 62.8894pt x 64.78113pt.

<Images/Toy/Toy1_random_07_Voronoi_0_final.png, id=23, 1031.855pt x 1062.97125p
t>
File: Images/Toy/Toy1_random_07_Voronoi_0_final.png Graphic file (type png)
 <use Images/Toy/Toy1_random_07_Voronoi_0_final.png>
Package pdftex.def Info: Images/Toy/Toy1_random_07_Voronoi_0_final.png used on 
input line 264.
(pdftex.def)             Requested size: 62.8894pt x 64.78113pt.

<Images/Toy/Toy1_random_07_SamplingCost_2_final.png, id=24, 1031.855pt x 1062.9
7125pt>
File: Images/Toy/Toy1_random_07_SamplingCost_2_final.png Graphic file (type png
)
 <use Images/Toy/Toy1_random_07_SamplingCost_2_final.png>
Package pdftex.def Info: Images/Toy/Toy1_random_07_SamplingCost_2_final.png use
d on input line 265.
(pdftex.def)             Requested size: 62.8894pt x 64.78113pt.

<Images/Toy/Toy3_random_07_Closest_2_final.png, id=25, 1031.855pt x 1062.97125p
t>
File: Images/Toy/Toy3_random_07_Closest_2_final.png Graphic file (type png)
 <use Images/Toy/Toy3_random_07_Closest_2_final.png>
Package pdftex.def Info: Images/Toy/Toy3_random_07_Closest_2_final.png used on 
input line 267.
(pdftex.def)             Requested size: 62.8894pt x 64.78113pt.

<Images/Toy/Toy3_random_07_Cluster_2_final.png, id=26, 1031.855pt x 1062.97125p
t>
File: Images/Toy/Toy3_random_07_Cluster_2_final.png Graphic file (type png)
 <use Images/Toy/Toy3_random_07_Cluster_2_final.png>
Package pdftex.def Info: Images/Toy/Toy3_random_07_Cluster_2_final.png used on 
input line 268.
(pdftex.def)             Requested size: 62.8894pt x 64.78113pt.

<Images/Toy/Toy3_random_07_Voronoi_2_final.png, id=27, 1031.855pt x 1062.97125p
t>
File: Images/Toy/Toy3_random_07_Voronoi_2_final.png Graphic file (type png)
 <use Images/Toy/Toy3_random_07_Voronoi_2_final.png>
Package pdftex.def Info: Images/Toy/Toy3_random_07_Voronoi_2_final.png used on 
input line 269.
(pdftex.def)             Requested size: 62.8894pt x 64.78113pt.

<Images/Toy/Toy3_random_07_SamplingCost_9_final.png, id=28, 1031.855pt x 1062.9
7125pt>
File: Images/Toy/Toy3_random_07_SamplingCost_9_final.png Graphic file (type png
)
 <use Images/Toy/Toy3_random_07_SamplingCost_9_final.png>
Package pdftex.def Info: Images/Toy/Toy3_random_07_SamplingCost_9_final.png use
d on input line 270.
(pdftex.def)             Requested size: 62.8894pt x 64.78113pt.

<Images/Toy/Border_random_07_accuracy.pdf, id=29, 520.76117pt x 420.97902pt>
File: Images/Toy/Border_random_07_accuracy.pdf Graphic file (type pdf)

<use Images/Toy/Border_random_07_accuracy.pdf>
Package pdftex.def Info: Images/Toy/Border_random_07_accuracy.pdf used on input
 line 334.
(pdftex.def)             Requested size: 125.7868pt x 101.67938pt.

<Images/Toy/Overlap_random_07_accuracy.pdf, id=30, 500.19998pt x 420.97902pt>
File: Images/Toy/Overlap_random_07_accuracy.pdf Graphic file (type pdf)

<use Images/Toy/Overlap_random_07_accuracy.pdf>
Package pdftex.def Info: Images/Toy/Overlap_random_07_accuracy.pdf used on inpu
t line 335.
(pdftex.def)             Requested size: 120.5407pt x 101.44814pt.
 [2] [3 <./Images/Toy/Border_random_07_0_initial.png> <./Images/Toy/Overlap_ran
dom_07_0_initial.png> <./Images/Toy/Toy1_random_07_Closest_2_final.png> <./Imag
es/Toy/Toy1_random_07_Cluster_1_final.png> <./Images/Toy/Toy1_random_07_Voronoi
_0_final.png> <./Images/Toy/Toy1_random_07_SamplingCost_2_final.png> <./Images/
Toy/Toy3_random_07_Closest_2_final.png> <./Images/Toy/Toy3_random_07_Cluster_2_
final.png> <./Images/Toy/Toy3_random_07_Voronoi_2_final.png> <./Images/Toy/Toy3
_random_07_SamplingCost_9_final.png>] <Images/General/Scenario.jpg, id=48, 803.
0pt x 529.98pt>
File: Images/General/Scenario.jpg Graphic file (type jpg)

<use Images/General/Scenario.jpg>
Package pdftex.def Info: Images/General/Scenario.jpg used on input line 346.
(pdftex.def)             Requested size: 183.4381pt x 121.06796pt.

<Images/General/VisualField.png, id=49, 401.5pt x 250.9375pt>
File: Images/General/VisualField.png Graphic file (type png)

<use Images/General/VisualField.png>
Package pdftex.def Info: Images/General/VisualField.png used on input line 372.

(pdftex.def)             Requested size: 131.02493pt x 81.89066pt.

<Images/General/TallObject.jpg, id=51, 277.89536pt x 210.71494pt>
File: Images/General/TallObject.jpg Graphic file (type jpg)

<use Images/General/TallObject.jpg>
Package pdftex.def Info: Images/General/TallObject.jpg used on input line 373.
(pdftex.def)             Requested size: 109.53665pt x 83.05624pt.
 [4 <./Images/Toy/Border_random_07_accuracy.pdf> <./Images/Toy/Overlap_random_0
7_accuracy.pdf

pdfTeX warning: /usr/bin/pdflatex (file ./Images/Toy/Overlap_random_07_accuracy
.pdf): PDF inclusion: multiple pdfs with page group included in a single page
> <./Images/General/Scenario.jpg> <./Images/General/VisualField.png> <./Images/
General/TallObject.jpg>]
<Images/General/RgChromacityQuads.png, id=122, 600.5637pt x 561.5379pt>
File: Images/General/RgChromacityQuads.png Graphic file (type png)

<use Images/General/RgChromacityQuads.png>
Package pdftex.def Info: Images/General/RgChromacityQuads.png used on input lin
e 405.
(pdftex.def)             Requested size: 94.3341pt x 88.20277pt.

Underfull \hbox (badness 2158) in paragraph at lines 409--417
[][]\OT1/ptm/m/n/10 Since vi-sual ob-jects in our
 []


Underfull \hbox (badness 2418) in paragraph at lines 409--417
\OT1/ptm/m/n/10 ap-pli-ca-tion sce-nario are mostly
 []


Underfull \hbox (badness 5563) in paragraph at lines 409--417
\OT1/ptm/m/n/10 non-textured, we chose a rg-
 []


Underfull \hbox (badness 1371) in paragraph at lines 409--417
\OT1/ptm/m/n/10 chromaticity color his-togram as
 []

<Images/Outdoor/Runs.jpg, id=123, 643.40375pt x 630.355pt>
File: Images/Outdoor/Runs.jpg Graphic file (type jpg)

<use Images/Outdoor/Runs.jpg>
Package pdftex.def Info: Images/Outdoor/Runs.jpg used on input line 452.
(pdftex.def)             Requested size: 157.23152pt x 154.03915pt.

<Images/Outdoor/Cases/Cases_a.jpg, id=124, 322.20375pt x 117.43875pt>
File: Images/Outdoor/Cases/Cases_a.jpg Graphic file (type jpg)

<use Images/Outdoor/Cases/Cases_a.jpg>
Package pdftex.def Info: Images/Outdoor/Cases/Cases_a.jpg used on input line 46
5.
(pdftex.def)             Requested size: 104.81834pt x 38.20476pt.

<Images/Outdoor/Cases/Cases_b.jpg, id=125, 323.2075pt x 117.43875pt>
File: Images/Outdoor/Cases/Cases_b.jpg Graphic file (type jpg)

<use Images/Outdoor/Cases/Cases_b.jpg>
Package pdftex.def Info: Images/Outdoor/Cases/Cases_b.jpg used on input line 46
9.
(pdftex.def)             Requested size: 104.81834pt x 38.08649pt.

<Images/Outdoor/Cases/Cases_c.jpg, id=126, 322.20375pt x 117.43875pt>
File: Images/Outdoor/Cases/Cases_c.jpg Graphic file (type jpg)

<use Images/Outdoor/Cases/Cases_c.jpg>
Package pdftex.def Info: Images/Outdoor/Cases/Cases_c.jpg used on input line 47
3.
(pdftex.def)             Requested size: 104.81834pt x 38.20476pt.

<Images/Outdoor/Cases/Cases_d.jpg, id=127, 323.2075pt x 117.43875pt>
File: Images/Outdoor/Cases/Cases_d.jpg Graphic file (type jpg)

<use Images/Outdoor/Cases/Cases_d.jpg>
Package pdftex.def Info: Images/Outdoor/Cases/Cases_d.jpg used on input line 47
6.
(pdftex.def)             Requested size: 104.81834pt x 38.08649pt.

<Images/Outdoor/Cases/Cases_e.jpg, id=128, 654.445pt x 119.44624pt>
File: Images/Outdoor/Cases/Cases_e.jpg Graphic file (type jpg)

<use Images/Outdoor/Cases/Cases_e.jpg>
Package pdftex.def Info: Images/Outdoor/Cases/Cases_e.jpg used on input line 48
0.
(pdftex.def)             Requested size: 212.25975pt x 38.73936pt.

<Images/Outdoor/Cases/Cases_f.jpg, id=129, 654.445pt x 116.435pt>
File: Images/Outdoor/Cases/Cases_f.jpg Graphic file (type jpg)

<use Images/Outdoor/Cases/Cases_f.jpg>
Package pdftex.def Info: Images/Outdoor/Cases/Cases_f.jpg used on input line 48
4.
(pdftex.def)             Requested size: 212.25975pt x 37.76274pt.

<Images/Outdoor/Impacts.jpg, id=130, 552.0625pt x 854.19125pt>
File: Images/Outdoor/Impacts.jpg Graphic file (type jpg)

<use Images/Outdoor/Impacts.jpg>
Package pdftex.def Info: Images/Outdoor/Impacts.jpg used on input line 500.
(pdftex.def)             Requested size: 209.63669pt x 324.36143pt.

Underfull \hbox (badness 1448) in paragraph at lines 443--518
\OT1/ptm/m/n/10 steps - namely seg-men-ta-tion, color space trans-for-ma-tion
 []


Underfull \hbox (badness 10000) in paragraph at lines 443--518

 []

[5 <./Images/General/RgChromacityQuads.png> <./Images/Outdoor/Runs.jpg> <./Imag
es/Outdoor/Cases/Cases_a.jpg> <./Images/Outdoor/Cases/Cases_b.jpg> <./Images/Ou
tdoor/Cases/Cases_c.jpg> <./Images/Outdoor/Cases/Cases_d.jpg> <./Images/Outdoor
/Cases/Cases_e.jpg> <./Images/Outdoor/Cases/Cases_f.jpg>]
Underfull \vbox (badness 4899) has occurred while \output is active []


<Images/Outdoor/OutdoorEasy_chunksRandomEqualCountPerLabel_07_accuracy.pdf, id=
135, 520.76117pt x 409.23985pt>
File: Images/Outdoor/OutdoorEasy_chunksRandomEqualCountPerLabel_07_accuracy.pdf
 Graphic file (type pdf)

<use Images/Outdoor/OutdoorEasy_chunksRandomEqualCountPerLabel_07_accuracy.pdf>
Package pdftex.def Info: Images/Outdoor/OutdoorEasy_chunksRandomEqualCountPerLa
bel_07_accuracy.pdf used on input line 566.
(pdftex.def)             Requested size: 120.5407pt x 94.72266pt.

Underfull \hbox (badness 10000) in paragraph at lines 567--567
\OT1/ptm/m/n/8 Fig. 11.   Test-accuracies for
 []


Underfull \hbox (badness 10000) in paragraph at lines 567--567
\OT1/ptm/m/n/8 sequence-wise train-ing on the
 []

[6 <./Images/Outdoor/Impacts.jpg>]
<Images/Outdoor/OutdoorEasy_chunksRandomEqualCountPerLabel_07_Closest_hist.pdf,
 id=139, 514.6132pt x 298.12003pt>
File: Images/Outdoor/OutdoorEasy_chunksRandomEqualCountPerLabel_07_Closest_hist
.pdf Graphic file (type pdf)

<use Images/Outdoor/OutdoorEasy_chunksRandomEqualCountPerLabel_07_Closest_hist.
pdf>
Package pdftex.def Info: Images/Outdoor/OutdoorEasy_chunksRandomEqualCountPerLa
bel_07_Closest_hist.pdf used on input line 576.
(pdftex.def)             Requested size: 120.5407pt x 69.82622pt.

<Images/Outdoor/OutdoorEasy_chunksRandomEqualCountPerLabel_07_Cluster_hist.pdf,
 id=140, 494.05202pt x 298.12003pt>
File: Images/Outdoor/OutdoorEasy_chunksRandomEqualCountPerLabel_07_Cluster_hist
.pdf Graphic file (type pdf)

<use Images/Outdoor/OutdoorEasy_chunksRandomEqualCountPerLabel_07_Cluster_hist.
pdf>
Package pdftex.def Info: Images/Outdoor/OutdoorEasy_chunksRandomEqualCountPerLa
bel_07_Cluster_hist.pdf used on input line 578.
(pdftex.def)             Requested size: 120.5407pt x 72.73299pt.

<Images/Outdoor/OutdoorEasy_chunksRandomEqualCountPerLabel_07_Voronoi_hist.pdf,
 id=141, 514.6132pt x 298.12003pt>
File: Images/Outdoor/OutdoorEasy_chunksRandomEqualCountPerLabel_07_Voronoi_hist
.pdf Graphic file (type pdf)

<use Images/Outdoor/OutdoorEasy_chunksRandomEqualCountPerLabel_07_Voronoi_hist.
pdf>
Package pdftex.def Info: Images/Outdoor/OutdoorEasy_chunksRandomEqualCountPerLa
bel_07_Voronoi_hist.pdf used on input line 580.
(pdftex.def)             Requested size: 120.5407pt x 69.82622pt.

<Images/Outdoor/OutdoorEasy_chunksRandomEqualCountPerLabel_07_SamplingCost_hist
.pdf, id=142, 494.05202pt x 298.12003pt>
File: Images/Outdoor/OutdoorEasy_chunksRandomEqualCountPerLabel_07_SamplingCost
_hist.pdf Graphic file (type pdf)

<use Images/Outdoor/OutdoorEasy_chunksRandomEqualCountPerLabel_07_SamplingCost_
hist.pdf>
Package pdftex.def Info: Images/Outdoor/OutdoorEasy_chunksRandomEqualCountPerLa
bel_07_SamplingCost_hist.pdf used on input line 582.
(pdftex.def)             Requested size: 120.5407pt x 72.73299pt.

<Images/Outdoor/Ranked/Hard/Philips_1_10.jpg, id=143, 321.2pt x 240.9pt>
File: Images/Outdoor/Ranked/Hard/Philips_1_10.jpg Graphic file (type jpg)

<use Images/Outdoor/Ranked/Hard/Philips_1_10.jpg>
Package pdftex.def Info: Images/Outdoor/Ranked/Hard/Philips_1_10.jpg used on in
put line 601.
(pdftex.def)             Requested size: 47.16705pt x 35.37253pt.

<Images/Outdoor/Ranked/Hard/Confused/Paddle_3_10.jpg, id=144, 321.2pt x 240.9pt
>
File: Images/Outdoor/Ranked/Hard/Confused/Paddle_3_10.jpg Graphic file (type jp
g)
 <use Images/Outdoor/Ranked/Hard/Confused/Paddle_3_10.jpg>
Package pdftex.def Info: Images/Outdoor/Ranked/Hard/Confused/Paddle_3_10.jpg us
ed on input line 602.
(pdftex.def)             Requested size: 47.16705pt x 35.37253pt.

<Images/Outdoor/Ranked/Hard/Confused/Nokia_8_10.jpg, id=145, 321.2pt x 240.9pt>
File: Images/Outdoor/Ranked/Hard/Confused/Nokia_8_10.jpg Graphic file (type jpg
)
<use Images/Outdoor/Ranked/Hard/Confused/Nokia_8_10.jpg>
Package pdftex.def Info: Images/Outdoor/Ranked/Hard/Confused/Nokia_8_10.jpg use
d on input line 603.
(pdftex.def)             Requested size: 47.16705pt x 35.37253pt.

<Images/Outdoor/Ranked/Hard/Confused/RedBull_7_10.jpg, id=146, 321.2pt x 240.9p
t>
File: Images/Outdoor/Ranked/Hard/Confused/RedBull_7_10.jpg Graphic file (type j
pg)
 <use Images/Outdoor/Ranked/Hard/Confused/RedBull_7_10.jpg>
Package pdftex.def Info: Images/Outdoor/Ranked/Hard/Confused/RedBull_7_10.jpg u
sed on input line 604.
(pdftex.def)             Requested size: 47.16705pt x 35.37253pt.

<Images/Outdoor/Ranked/Hard/Forceps_7_10.jpg, id=147, 321.2pt x 240.9pt>
File: Images/Outdoor/Ranked/Hard/Forceps_7_10.jpg Graphic file (type jpg)

<use Images/Outdoor/Ranked/Hard/Forceps_7_10.jpg>
Package pdftex.def Info: Images/Outdoor/Ranked/Hard/Forceps_7_10.jpg used on in
put line 606.
(pdftex.def)             Requested size: 47.16705pt x 35.37253pt.

<Images/Outdoor/Ranked/Hard/Confused/SmallDog_4_10.jpg, id=148, 321.2pt x 240.9
pt>
File: Images/Outdoor/Ranked/Hard/Confused/SmallDog_4_10.jpg Graphic file (type 
jpg)
 <use Images/Outdoor/Ranked/Hard/Confused/SmallDog_4_10.jpg>
Package pdftex.def Info: Images/Outdoor/Ranked/Hard/Confused/SmallDog_4_10.jpg 
used on input line 607.
(pdftex.def)             Requested size: 47.16705pt x 35.37253pt.

<Images/Outdoor/Ranked/Hard/Confused/Coke_9_10.jpg, id=149, 321.2pt x 240.9pt>
File: Images/Outdoor/Ranked/Hard/Confused/Coke_9_10.jpg Graphic file (type jpg)


<use Images/Outdoor/Ranked/Hard/Confused/Coke_9_10.jpg>
Package pdftex.def Info: Images/Outdoor/Ranked/Hard/Confused/Coke_9_10.jpg used
 on input line 608.
(pdftex.def)             Requested size: 47.16705pt x 35.37253pt.

<Images/Outdoor/Ranked/Hard/Confused/Stump_3_10.jpg, id=150, 321.2pt x 240.9pt>
File: Images/Outdoor/Ranked/Hard/Confused/Stump_3_10.jpg Graphic file (type jpg
)
<use Images/Outdoor/Ranked/Hard/Confused/Stump_3_10.jpg>
Package pdftex.def Info: Images/Outdoor/Ranked/Hard/Confused/Stump_3_10.jpg use
d on input line 609.
(pdftex.def)             Requested size: 47.16705pt x 35.37253pt.

<Images/Outdoor/Ranked/Hard/Tomato_1_10.jpg, id=151, 321.2pt x 240.9pt>
File: Images/Outdoor/Ranked/Hard/Tomato_1_10.jpg Graphic file (type jpg)

<use Images/Outdoor/Ranked/Hard/Tomato_1_10.jpg>
Package pdftex.def Info: Images/Outdoor/Ranked/Hard/Tomato_1_10.jpg used on inp
ut line 611.
(pdftex.def)             Requested size: 47.16705pt x 35.37253pt.

<Images/Outdoor/Ranked/Hard/Confused/RedDuck_3_10.jpg, id=152, 321.2pt x 240.9p
t>
File: Images/Outdoor/Ranked/Hard/Confused/RedDuck_3_10.jpg Graphic file (type j
pg)
 <use Images/Outdoor/Ranked/Hard/Confused/RedDuck_3_10.jpg>
Package pdftex.def Info: Images/Outdoor/Ranked/Hard/Confused/RedDuck_3_10.jpg u
sed on input line 612.
(pdftex.def)             Requested size: 47.16705pt x 35.37253pt.

<Images/Outdoor/Ranked/Hard/Confused/RedBall_3_10.jpg, id=153, 321.2pt x 240.9p
t>
File: Images/Outdoor/Ranked/Hard/Confused/RedBall_3_10.jpg Graphic file (type j
pg)
 <use Images/Outdoor/Ranked/Hard/Confused/RedBall_3_10.jpg>
Package pdftex.def Info: Images/Outdoor/Ranked/Hard/Confused/RedBall_3_10.jpg u
sed on input line 613.
(pdftex.def)             Requested size: 47.16705pt x 35.37253pt.

<Images/Outdoor/Ranked/Hard/Shoe_1_10.jpg, id=154, 321.2pt x 240.9pt>
File: Images/Outdoor/Ranked/Hard/Shoe_1_10.jpg Graphic file (type jpg)

<use Images/Outdoor/Ranked/Hard/Shoe_1_10.jpg>
Package pdftex.def Info: Images/Outdoor/Ranked/Hard/Shoe_1_10.jpg used on input
 line 615.
(pdftex.def)             Requested size: 47.16705pt x 35.37253pt.

<Images/Outdoor/Ranked/Hard/Confused/SmallDog_6_10.jpg, id=155, 321.2pt x 240.9
pt>
File: Images/Outdoor/Ranked/Hard/Confused/SmallDog_6_10.jpg Graphic file (type 
jpg)
 <use Images/Outdoor/Ranked/Hard/Confused/SmallDog_6_10.jpg>
Package pdftex.def Info: Images/Outdoor/Ranked/Hard/Confused/SmallDog_6_10.jpg 
used on input line 616.
(pdftex.def)             Requested size: 47.16705pt x 35.37253pt.

<Images/Outdoor/Ranked/Hard/Confused/Tube_1_10.jpg, id=156, 321.2pt x 240.9pt>
File: Images/Outdoor/Ranked/Hard/Confused/Tube_1_10.jpg Graphic file (type jpg)


<use Images/Outdoor/Ranked/Hard/Confused/Tube_1_10.jpg>
Package pdftex.def Info: Images/Outdoor/Ranked/Hard/Confused/Tube_1_10.jpg used
 on input line 617.
(pdftex.def)             Requested size: 47.16705pt x 35.37253pt.

<Images/Outdoor/Ranked/Hard/Confused/Leaves_7_10.jpg, id=157, 321.2pt x 240.9pt
>
File: Images/Outdoor/Ranked/Hard/Confused/Leaves_7_10.jpg Graphic file (type jp
g)
 <use Images/Outdoor/Ranked/Hard/Confused/Leaves_7_10.jpg>
Package pdftex.def Info: Images/Outdoor/Ranked/Hard/Confused/Leaves_7_10.jpg us
ed on input line 618.
(pdftex.def)             Requested size: 47.16705pt x 35.37253pt.

<Images/Outdoor/Confusions.jpg, id=158, 823.075pt x 414.54875pt>
File: Images/Outdoor/Confusions.jpg Graphic file (type jpg)

<use Images/Outdoor/Confusions.jpg>
Package pdftex.def Info: Images/Outdoor/Confusions.jpg used on input line 628.
(pdftex.def)             Requested size: 157.23152pt x 79.18889pt.

<Images/Outdoor/Easy.jpg, id=159, 844.15375pt x 120.45pt>
File: Images/Outdoor/Easy.jpg Graphic file (type jpg)

<use Images/Outdoor/Easy.jpg>
Package pdftex.def Info: Images/Outdoor/Easy.jpg used on input line 635.
(pdftex.def)             Requested size: 251.56563pt x 35.8945pt.

Underfull \hbox (badness 10000) in paragraph at lines 569--642
[]\OT1/ptm/m/n/10 Figure 11[] il-lus-trates
 []


Underfull \hbox (badness 10000) in paragraph at lines 569--642
\OT1/ptm/m/n/10 All plac-ing strate-gies
 []


Underfull \hbox (badness 10000) in paragraph at lines 569--642
\OT1/ptm/m/n/10 per-form sim-i-lar but
 []


Underfull \hbox (badness 10000) in paragraph at lines 569--642
\OT1/ptm/m/it/10 Sam-pling-Cost \OT1/ptm/m/n/10 leads
 []


Underfull \hbox (badness 10000) in paragraph at lines 569--642
\OT1/ptm/m/n/10 con-tin-u-ously through-out
 []


Underfull \hbox (badness 7012) in paragraph at lines 569--642
\OT1/ptm/m/n/10 the train-ing. Fig-ure 12[]
 []


Underfull \hbox (badness 10000) in paragraph at lines 569--642
\OT1/ptm/m/n/10 de-picts the pro-to-type
 []


Underfull \hbox (badness 10000) in paragraph at lines 569--642
\OT1/ptm/m/n/10 dis-tri-bu-tions among all
 []


Underfull \hbox (badness 10000) in paragraph at lines 569--642
\OT1/ptm/m/n/10 classes. The fact that
 []


Underfull \hbox (badness 7030) in paragraph at lines 569--642
\OT1/ptm/m/n/10 dis-tri-bu-tion with sev-eral
 []


Underfull \hbox (badness 2932) in paragraph at lines 569--642
\OT1/ptm/m/n/10 dif-fi-cult ob-jects claim-ing
 []


Underfull \hbox (badness 1783) in paragraph at lines 569--642
\OT1/ptm/m/n/10 sug-gests that it pro-vides
 []


Underfull \hbox (badness 3590) in paragraph at lines 569--642
\OT1/ptm/m/n/10 too many pro-to-types for cer-tain classes. \OT1/ptm/m/it/10 Sa
m-pling-Cost
 []


Underfull \hbox (badness 7415) in paragraph at lines 569--642
\OT1/ptm/m/n/10 dis-tributes nodes very evenly since the cost-function
 []


Underfull \hbox (badness 1584) in paragraph at lines 569--642
\OT1/ptm/m/n/10 al-go-rithms are shown in Fig-ure 14[]. The wool re-quires
 []

[7 <./Images/Outdoor/OutdoorEasy_chunksRandomEqualCountPerLabel_07_Closest_hist
.pdf> <./Images/Outdoor/OutdoorEasy_chunksRandomEqualCountPerLabel_07_Cluster_h
ist.pdf

pdfTeX warning: /usr/bin/pdflatex (file ./Images/Outdoor/OutdoorEasy_chunksRand
omEqualCountPerLabel_07_Cluster_hist.pdf): PDF inclusion: multiple pdfs with pa
ge group included in a single page
> <./Images/Outdoor/OutdoorEasy_chunksRandomEqualCountPerLabel_07_Voronoi_hist.
pdf

pdfTeX warning: /usr/bin/pdflatex (file ./Images/Outdoor/OutdoorEasy_chunksRand
omEqualCountPerLabel_07_Voronoi_hist.pdf): PDF inclusion: multiple pdfs with pa
ge group included in a single page
> <./Images/Outdoor/OutdoorEasy_chunksRandomEqualCountPerLabel_07_SamplingCost_
hist.pdf

pdfTeX warning: /usr/bin/pdflatex (file ./Images/Outdoor/OutdoorEasy_chunksRand
omEqualCountPerLabel_07_SamplingCost_hist.pdf): PDF inclusion: multiple pdfs wi
th page group included in a single page
> <./Images/Outdoor/OutdoorEasy_chunksRandomEqualCountPerLabel_07_accuracy.pdf

pdfTeX warning: /usr/bin/pdflatex (file ./Images/Outdoor/OutdoorEasy_chunksRand
omEqualCountPerLabel_07_accuracy.pdf): PDF inclusion: multiple pdfs with page g
roup included in a single page
> <./Images/Outdoor/Ranked/Hard/Philips_1_10.jpg> <./Images/Outdoor/Ranked/Hard
/Confused/Paddle_3_10.jpg> <./Images/Outdoor/Ranked/Hard/Confused/Nokia_8_10.jp
g> <./Images/Outdoor/Ranked/Hard/Confused/RedBull_7_10.jpg> <./Images/Outdoor/R
anked/Hard/Forceps_7_10.jpg> <./Images/Outdoor/Ranked/Hard/Confused/SmallDog_4_
10.jpg> <./Images/Outdoor/Ranked/Hard/Confused/Coke_9_10.jpg> <./Images/Outdoor
/Ranked/Hard/Confused/Stump_3_10.jpg> <./Images/Outdoor/Ranked/Hard/Tomato_1_10
.jpg> <./Images/Outdoor/Ranked/Hard/Confused/RedDuck_3_10.jpg> <./Images/Outdoo
r/Ranked/Hard/Confused/RedBall_3_10.jpg> <./Images/Outdoor/Ranked/Hard/Shoe_1_1
0.jpg> <./Images/Outdoor/Ranked/Hard/Confused/SmallDog_6_10.jpg> <./Images/Outd
oor/Ranked/Hard/Confused/Tube_1_10.jpg> <./Images/Outdoor/Ranked/Hard/Confused/
Leaves_7_10.jpg> <./Images/Outdoor/Confusions.jpg> <./Images/Outdoor/Easy.jpg>]
(./OnlineLearningIJCNN.bbl
Missing character: There is no Ã in font ptmr7t!
Missing character: There is no ¶ in font ptmr7t!

** WARNING: IEEEtran.bst: No hyphenation pattern has been
** loaded for the language `English'. Using the pattern for
** the default language instead.
)

** Conference Paper **
Before submitting the final camera ready copy, remember to:

 1. Manually equalize the lengths of two columns on the last page
 of your paper;

 2. Ensure that any PostScript and/or PDF output post-processing
 uses only Type 1 fonts and that every step in the generation
 process uses the appropriate paper size.

[8] (./OnlineLearningIJCNN.aux) ) 
Here is how much of TeX's memory you used:
 4813 strings out of 493105
 79458 string characters out of 6137071
 153001 words of memory out of 5000000
 8147 multiletter control sequences out of 15000+600000
 51569 words of font info for 109 fonts, out of 8000000 for 9000
 1144 hyphenation exceptions out of 8191
 38i,13n,47p,660b,414s stack positions out of 5000i,500n,10000p,200000b,80000s
{/usr/share/texlive/texmf-dist/fonts/enc/dvips
/base/8r.enc}</usr/share/texlive/texmf-dist/fonts/type1/public/amsfonts/cm/cmbx
10.pfb></usr/share/texlive/texmf-dist/fonts/type1/public/amsfonts/cm/cmex10.pfb
></usr/share/texlive/texmf-dist/fonts/type1/public/amsfonts/cm/cmmi10.pfb></usr
/share/texlive/texmf-dist/fonts/type1/public/amsfonts/cm/cmmi7.pfb></usr/share/
texlive/texmf-dist/fonts/type1/public/amsfonts/cm/cmr10.pfb></usr/share/texlive
/texmf-dist/fonts/type1/public/amsfonts/cm/cmr7.pfb></usr/share/texlive/texmf-d
ist/fonts/type1/public/amsfonts/cm/cmsy10.pfb></usr/share/texlive/texmf-dist/fo
nts/type1/public/amsfonts/cm/cmsy7.pfb></usr/share/texlive/texmf-dist/fonts/typ
e1/public/amsfonts/cm/cmsy8.pfb></usr/share/texlive/texmf-dist/fonts/type1/publ
ic/amsfonts/symbols/msbm10.pfb></usr/share/texlive/texmf-dist/fonts/type1/urw/t
imes/utmb8a.pfb></usr/share/texlive/texmf-dist/fonts/type1/urw/times/utmbi8a.pf
b></usr/share/texlive/texmf-dist/fonts/type1/urw/times/utmr8a.pfb></usr/share/t
exlive/texmf-dist/fonts/type1/urw/times/utmri8a.pfb>
Output written on OnlineLearningIJCNN.pdf (8 pages, 3207133 bytes).
PDF statistics:
 343 PDF objects out of 1000 (max. 8388607)
 101 compressed objects within 2 object streams
 0 named destinations out of 1000 (max. 500000)
 231 words of extra memory for PDF output out of 10000 (max. 10000000)

