This is pdfTeX, Version 3.1415926-2.5-1.40.14 (TeX Live 2013/Debian) (format=pdflatex 2014.7.4)  30 MAY 2016 18:27
entering extended mode
 restricted \write18 enabled.
 %&-line parsing enabled.
**Drift.tex
(./Drift.tex
LaTeX2e <2011/06/27>
Babel <3.9h> and hyphenation patterns for 78 languages loaded.
(./IEEEtran.cls
Document Class: IEEEtran 2012/11/21 V1.8c by Harald Hanche-Olsen and Anders Chr
istensen
-- Based on V1.7a by Michael Shell
-- See the "IEEEtran_HOWTO" manual for usage information.
-- http://www.michaelshell.org/tex/ieeetran/
\@IEEEtrantmpdimenA=\dimen102
\@IEEEtrantmpdimenB=\dimen103
\@IEEEtrantmpcountA=\count79
\@IEEEtrantmpcountB=\count80
\@IEEEtrantmptoksA=\toks14
LaTeX Font Info:    Try loading font information for OT1+ptm on input line 373.

(/usr/share/texlive/texmf-dist/tex/latex/psnfss/ot1ptm.fd
File: ot1ptm.fd 2001/06/04 font definitions for OT1/ptm.
)
-- Using 8.5in x 11in (letter) paper.
-- Using PDF output.
\@IEEEnormalsizeunitybaselineskip=\dimen104
-- This is a 10 point document.
\CLASSINFOnormalsizebaselineskip=\dimen105
\CLASSINFOnormalsizeunitybaselineskip=\dimen106
\IEEEnormaljot=\dimen107
LaTeX Font Info:    Font shape `OT1/ptm/bx/n' in size <5> not available
(Font)              Font shape `OT1/ptm/b/n' tried instead on input line 731.
LaTeX Font Info:    Font shape `OT1/ptm/bx/it' in size <5> not available
(Font)              Font shape `OT1/ptm/b/it' tried instead on input line 731.
LaTeX Font Info:    Font shape `OT1/ptm/bx/n' in size <7> not available
(Font)              Font shape `OT1/ptm/b/n' tried instead on input line 731.
LaTeX Font Info:    Font shape `OT1/ptm/bx/it' in size <7> not available
(Font)              Font shape `OT1/ptm/b/it' tried instead on input line 731.
LaTeX Font Info:    Font shape `OT1/ptm/bx/n' in size <8> not available
(Font)              Font shape `OT1/ptm/b/n' tried instead on input line 731.
LaTeX Font Info:    Font shape `OT1/ptm/bx/it' in size <8> not available
(Font)              Font shape `OT1/ptm/b/it' tried instead on input line 731.
LaTeX Font Info:    Font shape `OT1/ptm/bx/n' in size <9> not available
(Font)              Font shape `OT1/ptm/b/n' tried instead on input line 731.
LaTeX Font Info:    Font shape `OT1/ptm/bx/it' in size <9> not available
(Font)              Font shape `OT1/ptm/b/it' tried instead on input line 731.
LaTeX Font Info:    Font shape `OT1/ptm/bx/n' in size <10> not available
(Font)              Font shape `OT1/ptm/b/n' tried instead on input line 731.
LaTeX Font Info:    Font shape `OT1/ptm/bx/it' in size <10> not available
(Font)              Font shape `OT1/ptm/b/it' tried instead on input line 731.
LaTeX Font Info:    Font shape `OT1/ptm/bx/n' in size <11> not available
(Font)              Font shape `OT1/ptm/b/n' tried instead on input line 731.
LaTeX Font Info:    Font shape `OT1/ptm/bx/it' in size <11> not available
(Font)              Font shape `OT1/ptm/b/it' tried instead on input line 731.
LaTeX Font Info:    Font shape `OT1/ptm/bx/n' in size <12> not available
(Font)              Font shape `OT1/ptm/b/n' tried instead on input line 731.
LaTeX Font Info:    Font shape `OT1/ptm/bx/it' in size <12> not available
(Font)              Font shape `OT1/ptm/b/it' tried instead on input line 731.
LaTeX Font Info:    Font shape `OT1/ptm/bx/n' in size <17> not available
(Font)              Font shape `OT1/ptm/b/n' tried instead on input line 731.
LaTeX Font Info:    Font shape `OT1/ptm/bx/it' in size <17> not available
(Font)              Font shape `OT1/ptm/b/it' tried instead on input line 731.
LaTeX Font Info:    Font shape `OT1/ptm/bx/n' in size <20> not available
(Font)              Font shape `OT1/ptm/b/n' tried instead on input line 731.
LaTeX Font Info:    Font shape `OT1/ptm/bx/it' in size <20> not available
(Font)              Font shape `OT1/ptm/b/it' tried instead on input line 731.
LaTeX Font Info:    Font shape `OT1/ptm/bx/n' in size <24> not available
(Font)              Font shape `OT1/ptm/b/n' tried instead on input line 731.
LaTeX Font Info:    Font shape `OT1/ptm/bx/it' in size <24> not available
(Font)              Font shape `OT1/ptm/b/it' tried instead on input line 731.
\IEEEilabelindentA=\dimen108
\IEEEilabelindentB=\dimen109
\IEEEilabelindent=\dimen110
\IEEEelabelindent=\dimen111
\IEEEdlabelindent=\dimen112
\IEEElabelindent=\dimen113
\IEEEiednormlabelsep=\dimen114
\IEEEiedmathlabelsep=\dimen115
\IEEEiedtopsep=\skip41
\c@section=\count81
\c@subsection=\count82
\c@subsubsection=\count83
\c@paragraph=\count84
\c@IEEEsubequation=\count85
\abovecaptionskip=\skip42
\belowcaptionskip=\skip43
\c@figure=\count86
\c@table=\count87
\@IEEEeqnnumcols=\count88
\@IEEEeqncolcnt=\count89
\@IEEEtmpitemindent=\dimen116
\c@IEEEbiography=\count90
\@IEEEtranrubishbin=\box26
) (/usr/share/texlive/texmf-dist/tex/latex/graphics/graphicx.sty
Package: graphicx 1999/02/16 v1.0f Enhanced LaTeX Graphics (DPC,SPQR)

(/usr/share/texlive/texmf-dist/tex/latex/graphics/keyval.sty
Package: keyval 1999/03/16 v1.13 key=value parser (DPC)
\KV@toks@=\toks15
)
(/usr/share/texlive/texmf-dist/tex/latex/graphics/graphics.sty
Package: graphics 2009/02/05 v1.0o Standard LaTeX Graphics (DPC,SPQR)

(/usr/share/texlive/texmf-dist/tex/latex/graphics/trig.sty
Package: trig 1999/03/16 v1.09 sin cos tan (DPC)
)
(/usr/share/texlive/texmf-dist/tex/latex/latexconfig/graphics.cfg
File: graphics.cfg 2010/04/23 v1.9 graphics configuration of TeX Live
)
Package graphics Info: Driver file: pdftex.def on input line 91.

(/usr/share/texlive/texmf-dist/tex/latex/pdftex-def/pdftex.def
File: pdftex.def 2011/05/27 v0.06d Graphics/color for pdfTeX

(/usr/share/texlive/texmf-dist/tex/generic/oberdiek/infwarerr.sty
Package: infwarerr 2010/04/08 v1.3 Providing info/warning/error messages (HO)
)
(/usr/share/texlive/texmf-dist/tex/generic/oberdiek/ltxcmds.sty
Package: ltxcmds 2011/11/09 v1.22 LaTeX kernel commands for general use (HO)
)
\Gread@gobject=\count91
))
\Gin@req@height=\dimen117
\Gin@req@width=\dimen118
)
(/usr/share/texlive/texmf-dist/tex/latex/amsmath/amsmath.sty
Package: amsmath 2013/01/14 v2.14 AMS math features
\@mathmargin=\skip44

For additional information on amsmath, use the `?' option.
(/usr/share/texlive/texmf-dist/tex/latex/amsmath/amstext.sty
Package: amstext 2000/06/29 v2.01

(/usr/share/texlive/texmf-dist/tex/latex/amsmath/amsgen.sty
File: amsgen.sty 1999/11/30 v2.0
\@emptytoks=\toks16
\ex@=\dimen119
))
(/usr/share/texlive/texmf-dist/tex/latex/amsmath/amsbsy.sty
Package: amsbsy 1999/11/29 v1.2d
\pmbraise@=\dimen120
)
(/usr/share/texlive/texmf-dist/tex/latex/amsmath/amsopn.sty
Package: amsopn 1999/12/14 v2.01 operator names
)
\inf@bad=\count92
LaTeX Info: Redefining \frac on input line 210.
\uproot@=\count93
\leftroot@=\count94
LaTeX Info: Redefining \overline on input line 306.
\classnum@=\count95
\DOTSCASE@=\count96
LaTeX Info: Redefining \ldots on input line 378.
LaTeX Info: Redefining \dots on input line 381.
LaTeX Info: Redefining \cdots on input line 466.
\Mathstrutbox@=\box27
\strutbox@=\box28
\big@size=\dimen121
LaTeX Font Info:    Redeclaring font encoding OML on input line 566.
LaTeX Font Info:    Redeclaring font encoding OMS on input line 567.
\macc@depth=\count97
\c@MaxMatrixCols=\count98
\dotsspace@=\muskip10
\c@parentequation=\count99
\dspbrk@lvl=\count100
\tag@help=\toks17
\row@=\count101
\column@=\count102
\maxfields@=\count103
\andhelp@=\toks18
\eqnshift@=\dimen122
\alignsep@=\dimen123
\tagshift@=\dimen124
\tagwidth@=\dimen125
\totwidth@=\dimen126
\lineht@=\dimen127
\@envbody=\toks19
\multlinegap=\skip45
\multlinetaggap=\skip46
\mathdisplay@stack=\toks20
LaTeX Info: Redefining \[ on input line 2665.
LaTeX Info: Redefining \] on input line 2666.
)
(/usr/share/texlive/texmf-dist/tex/latex/amsfonts/amssymb.sty
Package: amssymb 2013/01/14 v3.01 AMS font symbols

(/usr/share/texlive/texmf-dist/tex/latex/amsfonts/amsfonts.sty
Package: amsfonts 2013/01/14 v3.01 Basic AMSFonts support
\symAMSa=\mathgroup4
\symAMSb=\mathgroup5
LaTeX Font Info:    Overwriting math alphabet `\mathfrak' in version `bold'
(Font)                  U/euf/m/n --> U/euf/b/n on input line 106.
))
(/usr/share/texlive/texmf-dist/tex/latex/url/url.sty
\Urlmuskip=\muskip11
Package: url 2013/09/16  ver 3.4  Verb mode for urls, etc.
)
(/usr/share/texlive/texmf-dist/tex/latex/subfig/subfig.sty
Package: subfig 2005/06/28 ver: 1.3 subfig package

(/usr/share/texlive/texmf-dist/tex/latex/caption/caption3.sty
Package: caption3 2013/05/02 v1.6-88 caption3 kernel (AR)
Package caption3 Info: TeX engine: e-TeX on input line 57.
\captionmargin=\dimen128
\captionmargin@=\dimen129
\captionwidth=\dimen130
\caption@tempdima=\dimen131
\caption@indent=\dimen132
\caption@parindent=\dimen133
\caption@hangindent=\dimen134
Package caption Info: Unknown document class (or package),
(caption)             standard defaults will be used.
)
\c@KVtest=\count104
\sf@farskip=\skip47
\sf@captopadj=\dimen135
\sf@capskip=\skip48
\sf@nearskip=\skip49
\c@subfigure=\count105
\c@subfigure@save=\count106
\c@lofdepth=\count107
\c@subtable=\count108
\c@subtable@save=\count109
\c@lotdepth=\count110
\sf@top=\skip50
\sf@bottom=\skip51
)
(/usr/share/texlive/texmf-dist/tex/latex/fragments/subscript.sty) (./Drift.aux)
\openout1 = `Drift.aux'.

LaTeX Font Info:    Checking defaults for OML/cmm/m/it on input line 18.
LaTeX Font Info:    ... okay on input line 18.
LaTeX Font Info:    Checking defaults for T1/cmr/m/n on input line 18.
LaTeX Font Info:    ... okay on input line 18.
LaTeX Font Info:    Checking defaults for OT1/cmr/m/n on input line 18.
LaTeX Font Info:    ... okay on input line 18.
LaTeX Font Info:    Checking defaults for OMS/cmsy/m/n on input line 18.
LaTeX Font Info:    ... okay on input line 18.
LaTeX Font Info:    Checking defaults for OMX/cmex/m/n on input line 18.
LaTeX Font Info:    ... okay on input line 18.
LaTeX Font Info:    Checking defaults for U/cmr/m/n on input line 18.
LaTeX Font Info:    ... okay on input line 18.
(/usr/share/texlive/texmf-dist/tex/context/base/supp-pdf.mkii
[Loading MPS to PDF converter (version 2006.09.02).]
\scratchcounter=\count111
\scratchdimen=\dimen136
\scratchbox=\box29
\nofMPsegments=\count112
\nofMParguments=\count113
\everyMPshowfont=\toks21
\MPscratchCnt=\count114
\MPscratchDim=\dimen137
\MPnumerator=\count115
\makeMPintoPDFobject=\count116
\everyMPtoPDFconversion=\toks22
) (/usr/share/texlive/texmf-dist/tex/generic/oberdiek/pdftexcmds.sty
Package: pdftexcmds 2011/11/29 v0.20 Utility functions of pdfTeX for LuaTeX (HO
)

(/usr/share/texlive/texmf-dist/tex/generic/oberdiek/ifluatex.sty
Package: ifluatex 2010/03/01 v1.3 Provides the ifluatex switch (HO)
Package ifluatex Info: LuaTeX not detected.
)
(/usr/share/texlive/texmf-dist/tex/generic/oberdiek/ifpdf.sty
Package: ifpdf 2011/01/30 v2.3 Provides the ifpdf switch (HO)
Package ifpdf Info: pdfTeX in PDF mode is detected.
)
Package pdftexcmds Info: LuaTeX not detected.
Package pdftexcmds Info: \pdf@primitive is available.
Package pdftexcmds Info: \pdf@ifprimitive is available.
Package pdftexcmds Info: \pdfdraftmode found.
)
(/usr/share/texlive/texmf-dist/tex/latex/oberdiek/epstopdf-base.sty
Package: epstopdf-base 2010/02/09 v2.5 Base part for package epstopdf

(/usr/share/texlive/texmf-dist/tex/latex/oberdiek/grfext.sty
Package: grfext 2010/08/19 v1.1 Manage graphics extensions (HO)

(/usr/share/texlive/texmf-dist/tex/generic/oberdiek/kvdefinekeys.sty
Package: kvdefinekeys 2011/04/07 v1.3 Define keys (HO)
))
(/usr/share/texlive/texmf-dist/tex/latex/oberdiek/kvoptions.sty
Package: kvoptions 2011/06/30 v3.11 Key value format for package options (HO)

(/usr/share/texlive/texmf-dist/tex/generic/oberdiek/kvsetkeys.sty
Package: kvsetkeys 2012/04/25 v1.16 Key value parser (HO)

(/usr/share/texlive/texmf-dist/tex/generic/oberdiek/etexcmds.sty
Package: etexcmds 2011/02/16 v1.5 Avoid name clashes with e-TeX commands (HO)
Package etexcmds Info: Could not find \expanded.
(etexcmds)             That can mean that you are not using pdfTeX 1.50 or
(etexcmds)             that some package has redefined \expanded.
(etexcmds)             In the latter case, load this package earlier.
)))
Package grfext Info: Graphics extension search list:
(grfext)             [.png,.pdf,.jpg,.mps,.jpeg,.jbig2,.jb2,.PNG,.PDF,.JPG,.JPE
G,.JBIG2,.JB2,.eps]
(grfext)             \AppendGraphicsExtensions on input line 452.

(/usr/share/texlive/texmf-dist/tex/latex/latexconfig/epstopdf-sys.cfg
File: epstopdf-sys.cfg 2010/07/13 v1.3 Configuration of (r)epstopdf for TeX Liv
e
))
Package caption Info: Begin \AtBeginDocument code.
Package caption Info: subfig package v1.3 is loaded.
Package caption Info: End \AtBeginDocument code.
LaTeX Font Info:    Calculating math sizes for size <11> on input line 33.
LaTeX Font Info:    Try loading font information for U+msa on input line 33.

(/usr/share/texlive/texmf-dist/tex/latex/amsfonts/umsa.fd
File: umsa.fd 2013/01/14 v3.01 AMS symbols A
)
LaTeX Font Info:    Try loading font information for U+msb on input line 33.

(/usr/share/texlive/texmf-dist/tex/latex/amsfonts/umsb.fd
File: umsb.fd 2013/01/14 v3.01 AMS symbols B
)

LaTeX Warning: Reference `XXVL' on page 1 undefined on input line 83.


Underfull \hbox (badness 3471) in paragraph at lines 102--144
\OT1/ptm/m/n/10 been used to con-duct the ex-per-i-ments. The fol-low-ing
 []


Underfull \hbox (badness 10000) in paragraph at lines 102--144

 []


Underfull \hbox (badness 2302) in paragraph at lines 102--144
\OT1/ptm/m/n/10 gen-er-ated clas-si-fier are ex-cluded for a pre-de-fined time
 []


Underfull \hbox (badness 1783) in paragraph at lines 102--144
\OT1/ptm/m/n/10 ap-proach for drift han-dling, since the win-dow con-tains
 []

[1{/var/lib/texmf/fonts/map/pdftex/updmap/pdftex.map}


]
Underfull \hbox (badness 10000) in paragraph at lines 146--148

 []


Underfull \hbox (badness 1748) in paragraph at lines 149--192
\OT1/ptm/b/n/10 Transient Chess-board (CHESS) \OT1/ptm/m/n/10 This dataset sim-
u-lates
 []


Underfull \hbox (badness 2326) in paragraph at lines 149--192
\OT1/ptm/m/n/10 sam-ples cov-er-ing all squares of the board are shown.
 []


Underfull \hbox (badness 1931) in paragraph at lines 149--192
\OT1/ptm/m/n/10 chess-board datasets are sim-ply po-si-tioned next to each
 []


Underfull \hbox (badness 10000) in paragraph at lines 149--192

 []

[2]
Underfull \hbox (badness 10000) in paragraph at lines 232--238

 []

[3]
Underfull \vbox (badness 4454) has occurred while \output is active []


<images/abruptSTMSize.png, id=23, 586.8324pt x 442.2924pt>
File: images/abruptSTMSize.png Graphic file (type png)

<use images/abruptSTMSize.png>
Package pdftex.def Info: images/abruptSTMSize.png used on input line 340.
(pdftex.def)             Requested size: 125.7868pt x 94.80081pt.

<images/abruptResp.png, id=25, 586.8324pt x 442.2924pt>
File: images/abruptResp.png Graphic file (type png)

<use images/abruptResp.png>
Package pdftex.def Info: images/abruptResp.png used on input line 343.
(pdftex.def)             Requested size: 125.7868pt x 94.80081pt.

<images/abruptSTM.pdf, id=26, 371.30403pt x 504.48788pt>
File: images/abruptSTM.pdf Graphic file (type pdf)

<use images/abruptSTM.pdf>
Package pdftex.def Info: images/abruptSTM.pdf used on input line 347.
(pdftex.def)             Requested size: 125.7868pt x 170.90778pt.

<images/abruptLTM.pdf, id=27, 371.30403pt x 504.48788pt>
File: images/abruptLTM.pdf Graphic file (type pdf)

<use images/abruptLTM.pdf>
Package pdftex.def Info: images/abruptLTM.pdf used on input line 350.
(pdftex.def)             Requested size: 125.7868pt x 170.90778pt.

Overfull \hbox (5.52386pt too wide) in paragraph at lines 340--351
 [][][] 
 []


Overfull \hbox (5.52386pt too wide) in paragraph at lines 340--351
 [][] 
 []

<images/squaresSTMSize.png, id=28, 586.8324pt x 442.2924pt>
File: images/squaresSTMSize.png Graphic file (type png)

<use images/squaresSTMSize.png>
Package pdftex.def Info: images/squaresSTMSize.png used on input line 369.
(pdftex.def)             Requested size: 125.7868pt x 94.80081pt.

<images/squaresResp.png, id=29, 586.8324pt x 442.2924pt>
File: images/squaresResp.png Graphic file (type png)

<use images/squaresResp.png>
Package pdftex.def Info: images/squaresResp.png used on input line 372.
(pdftex.def)             Requested size: 125.7868pt x 94.80081pt.

<images/squaresSTM.pdf, id=30, 469.52914pt x 57.66275pt>
File: images/squaresSTM.pdf Graphic file (type pdf)

<use images/squaresSTM.pdf>
Package pdftex.def Info: images/squaresSTM.pdf used on input line 376.
(pdftex.def)             Requested size: 125.7868pt x 15.44772pt.

<images/squaresLTM.pdf, id=31, 469.52914pt x 57.66275pt>
File: images/squaresLTM.pdf Graphic file (type pdf)

<use images/squaresLTM.pdf>
Package pdftex.def Info: images/squaresLTM.pdf used on input line 379.
(pdftex.def)             Requested size: 125.7868pt x 15.44772pt.

Overfull \hbox (5.52386pt too wide) in paragraph at lines 369--380
 [][][] 
 []


Overfull \hbox (5.52386pt too wide) in paragraph at lines 369--380
 [][] 
 []

<images/chessSTMSize.png, id=32, 586.8324pt x 442.2924pt>
File: images/chessSTMSize.png Graphic file (type png)

<use images/chessSTMSize.png>
Package pdftex.def Info: images/chessSTMSize.png used on input line 391.
(pdftex.def)             Requested size: 125.7868pt x 94.80081pt.

<images/chessResp.png, id=33, 586.8324pt x 442.2924pt>
File: images/chessResp.png Graphic file (type png)

<use images/chessResp.png>
Package pdftex.def Info: images/chessResp.png used on input line 394.
(pdftex.def)             Requested size: 125.7868pt x 94.80081pt.

<images/chessSTM.pdf, id=34, 469.52914pt x 489.76466pt>
File: images/chessSTM.pdf Graphic file (type pdf)

<use images/chessSTM.pdf>
Package pdftex.def Info: images/chessSTM.pdf used on input line 398.
(pdftex.def)             Requested size: 125.7868pt x 131.20692pt.

<images/chessLTM.pdf, id=35, 469.52914pt x 489.76466pt>
File: images/chessLTM.pdf Graphic file (type pdf)

<use images/chessLTM.pdf>
Package pdftex.def Info: images/chessLTM.pdf used on input line 401.
(pdftex.def)             Requested size: 125.7868pt x 131.20692pt.

Overfull \hbox (5.52386pt too wide) in paragraph at lines 391--402
 [][][] 
 []


Overfull \hbox (5.52386pt too wide) in paragraph at lines 391--402
 [][] 
 []

<images/rialtoResp.png, id=36, 586.8324pt x 442.2924pt>
File: images/rialtoResp.png Graphic file (type png)

<use images/rialtoResp.png>
Package pdftex.def Info: images/rialtoResp.png used on input line 415.
(pdftex.def)             Requested size: 125.7868pt x 94.80081pt.

<images/weatherResp.png, id=37, 586.8324pt x 442.2924pt>
File: images/weatherResp.png Graphic file (type png)

<use images/weatherResp.png>
Package pdftex.def Info: images/weatherResp.png used on input line 418.
(pdftex.def)             Requested size: 125.7868pt x 94.80081pt.

Overfull \hbox (5.52386pt too wide) in paragraph at lines 415--419
 [][][] 
 []

[4]
Underfull \vbox (badness 1028) has occurred while \output is active []

 [5 <./images/abruptSTMSize.png> <./images/abruptResp.png> <./images/abruptSTM.
pdf> <./images/abruptLTM.pdf

pdfTeX warning: /usr/bin/pdflatex (file ./images/abruptLTM.pdf): PDF inclusion:
 multiple pdfs with page group included in a single page
> <./images/squaresSTMSize.png> <./images/squaresResp.png> <./images/squaresSTM
.pdf

pdfTeX warning: /usr/bin/pdflatex (file ./images/squaresSTM.pdf): PDF inclusion
: multiple pdfs with page group included in a single page
> <./images/squaresLTM.pdf

pdfTeX warning: /usr/bin/pdflatex (file ./images/squaresLTM.pdf): PDF inclusion
: multiple pdfs with page group included in a single page
> <./images/chessSTMSize.png> <./images/chessResp.png> <./images/chessSTM.pdf

pdfTeX warning: /usr/bin/pdflatex (file ./images/chessSTM.pdf): PDF inclusion: 
multiple pdfs with page group included in a single page
> <./images/chessLTM.pdf

pdfTeX warning: /usr/bin/pdflatex (file ./images/chessLTM.pdf): PDF inclusion: 
multiple pdfs with page group included in a single page
> <./images/rialtoResp.png> <./images/weatherResp.png>] (./Drift.bbl)

** Conference Paper **
Before submitting the final camera ready copy, remember to:

 1. Manually equalize the lengths of two columns on the last page
 of your paper;

 2. Ensure that any PostScript and/or PDF output post-processing
 uses only Type 1 fonts and that every step in the generation
 process uses the appropriate paper size.

[6

] (./Drift.aux)

LaTeX Warning: There were undefined references.

 ) 
Here is how much of TeX's memory you used:
 4013 strings out of 493304
 61536 string characters out of 6139872
 145279 words of memory out of 5000000
 7393 multiletter control sequences out of 15000+600000
 51099 words of font info for 105 fonts, out of 8000000 for 9000
 960 hyphenation exceptions out of 8191
 38i,15n,47p,402b,342s stack positions out of 5000i,500n,10000p,200000b,80000s
{/usr/share/texlive/texmf-dist/fonts/enc/dvips/base/8r.enc}</usr/share/texliv
e/texmf-dist/fonts/type1/public/amsfonts/cm/cmex10.pfb></usr/share/texlive/texm
f-dist/fonts/type1/public/amsfonts/cm/cmmi10.pfb></usr/share/texlive/texmf-dist
/fonts/type1/public/amsfonts/cm/cmmi7.pfb></usr/share/texlive/texmf-dist/fonts/
type1/public/amsfonts/cm/cmr10.pfb></usr/share/texlive/texmf-dist/fonts/type1/p
ublic/amsfonts/cm/cmr7.pfb></usr/share/texlive/texmf-dist/fonts/type1/public/am
sfonts/cm/cmsy10.pfb></usr/share/texlive/texmf-dist/fonts/type1/public/amsfonts
/cm/cmsy8.pfb></usr/share/texlive/texmf-dist/fonts/type1/urw/times/utmb8a.pfb><
/usr/share/texlive/texmf-dist/fonts/type1/urw/times/utmbi8a.pfb></usr/share/tex
live/texmf-dist/fonts/type1/urw/times/utmr8a.pfb></usr/share/texlive/texmf-dist
/fonts/type1/urw/times/utmri8a.pfb>
Output written on Drift.pdf (6 pages, 515178 bytes).
PDF statistics:
 165 PDF objects out of 1000 (max. 8388607)
 80 compressed objects within 1 object stream
 0 named destinations out of 1000 (max. 500000)
 71 words of extra memory for PDF output out of 10000 (max. 10000000)

