This is pdfTeX, Version 3.14159265-2.6-1.40.16 (TeX Live 2015/Debian) (preloaded format=pdflatex 2016.5.24)  29 MAY 2016 13:31
entering extended mode
 restricted \write18 enabled.
 %&-line parsing enabled.
**OnlineLearningIJCNN.tex
(./OnlineLearningIJCNN.tex
LaTeX2e <2016/02/01>
Babel <3.9q> and hyphenation patterns for 81 language(s) loaded.
(./IEEEtran.cls
Document Class: IEEEtran 2012/11/21 V1.8c by Harald Hanche-Olsen and Anders Chr
istensen
-- Based on V1.7a by Michael Shell
-- See the "IEEEtran_HOWTO" manual for usage information.
-- http://www.michaelshell.org/tex/ieeetran/
\@IEEEtrantmpdimenA=\dimen102
\@IEEEtrantmpdimenB=\dimen103
\@IEEEtrantmpcountA=\count79
\@IEEEtrantmpcountB=\count80
\@IEEEtrantmptoksA=\toks14
LaTeX Font Info:    Try loading font information for OT1+ptm on input line 373.

(/usr/share/texlive/texmf-dist/tex/latex/psnfss/ot1ptm.fd
File: ot1ptm.fd 2001/06/04 font definitions for OT1/ptm.
)
-- Using 8.5in x 11in (letter) paper.
-- Using PDF output.
\@IEEEnormalsizeunitybaselineskip=\dimen104
-- This is a 10 point document.
\CLASSINFOnormalsizebaselineskip=\dimen105
\CLASSINFOnormalsizeunitybaselineskip=\dimen106
\IEEEnormaljot=\dimen107
LaTeX Font Info:    Font shape `OT1/ptm/bx/n' in size <5> not available
(Font)              Font shape `OT1/ptm/b/n' tried instead on input line 731.
LaTeX Font Info:    Font shape `OT1/ptm/bx/it' in size <5> not available
(Font)              Font shape `OT1/ptm/b/it' tried instead on input line 731.
LaTeX Font Info:    Font shape `OT1/ptm/bx/n' in size <7> not available
(Font)              Font shape `OT1/ptm/b/n' tried instead on input line 731.
LaTeX Font Info:    Font shape `OT1/ptm/bx/it' in size <7> not available
(Font)              Font shape `OT1/ptm/b/it' tried instead on input line 731.
LaTeX Font Info:    Font shape `OT1/ptm/bx/n' in size <8> not available
(Font)              Font shape `OT1/ptm/b/n' tried instead on input line 731.
LaTeX Font Info:    Font shape `OT1/ptm/bx/it' in size <8> not available
(Font)              Font shape `OT1/ptm/b/it' tried instead on input line 731.
LaTeX Font Info:    Font shape `OT1/ptm/bx/n' in size <9> not available
(Font)              Font shape `OT1/ptm/b/n' tried instead on input line 731.
LaTeX Font Info:    Font shape `OT1/ptm/bx/it' in size <9> not available
(Font)              Font shape `OT1/ptm/b/it' tried instead on input line 731.
LaTeX Font Info:    Font shape `OT1/ptm/bx/n' in size <10> not available
(Font)              Font shape `OT1/ptm/b/n' tried instead on input line 731.
LaTeX Font Info:    Font shape `OT1/ptm/bx/it' in size <10> not available
(Font)              Font shape `OT1/ptm/b/it' tried instead on input line 731.
LaTeX Font Info:    Font shape `OT1/ptm/bx/n' in size <11> not available
(Font)              Font shape `OT1/ptm/b/n' tried instead on input line 731.
LaTeX Font Info:    Font shape `OT1/ptm/bx/it' in size <11> not available
(Font)              Font shape `OT1/ptm/b/it' tried instead on input line 731.
LaTeX Font Info:    Font shape `OT1/ptm/bx/n' in size <12> not available
(Font)              Font shape `OT1/ptm/b/n' tried instead on input line 731.
LaTeX Font Info:    Font shape `OT1/ptm/bx/it' in size <12> not available
(Font)              Font shape `OT1/ptm/b/it' tried instead on input line 731.
LaTeX Font Info:    Font shape `OT1/ptm/bx/n' in size <17> not available
(Font)              Font shape `OT1/ptm/b/n' tried instead on input line 731.
LaTeX Font Info:    Font shape `OT1/ptm/bx/it' in size <17> not available
(Font)              Font shape `OT1/ptm/b/it' tried instead on input line 731.
LaTeX Font Info:    Font shape `OT1/ptm/bx/n' in size <20> not available
(Font)              Font shape `OT1/ptm/b/n' tried instead on input line 731.
LaTeX Font Info:    Font shape `OT1/ptm/bx/it' in size <20> not available
(Font)              Font shape `OT1/ptm/b/it' tried instead on input line 731.
LaTeX Font Info:    Font shape `OT1/ptm/bx/n' in size <24> not available
(Font)              Font shape `OT1/ptm/b/n' tried instead on input line 731.
LaTeX Font Info:    Font shape `OT1/ptm/bx/it' in size <24> not available
(Font)              Font shape `OT1/ptm/b/it' tried instead on input line 731.
\IEEEilabelindentA=\dimen108
\IEEEilabelindentB=\dimen109
\IEEEilabelindent=\dimen110
\IEEEelabelindent=\dimen111
\IEEEdlabelindent=\dimen112
\IEEElabelindent=\dimen113
\IEEEiednormlabelsep=\dimen114
\IEEEiedmathlabelsep=\dimen115
\IEEEiedtopsep=\skip41
\c@section=\count81
\c@subsection=\count82
\c@subsubsection=\count83
\c@paragraph=\count84
\c@IEEEsubequation=\count85
\abovecaptionskip=\skip42
\belowcaptionskip=\skip43
\c@figure=\count86
\c@table=\count87
\@IEEEeqnnumcols=\count88
\@IEEEeqncolcnt=\count89
\@IEEEtmpitemindent=\dimen116
\c@IEEEbiography=\count90
\@IEEEtranrubishbin=\box26
) (/usr/share/texlive/texmf-dist/tex/latex/graphics/graphicx.sty
Package: graphicx 2014/10/28 v1.0g Enhanced LaTeX Graphics (DPC,SPQR)

(/usr/share/texlive/texmf-dist/tex/latex/graphics/keyval.sty
Package: keyval 2014/10/28 v1.15 key=value parser (DPC)
\KV@toks@=\toks15
)
(/usr/share/texlive/texmf-dist/tex/latex/graphics/graphics.sty
Package: graphics 2016/01/03 v1.0q Standard LaTeX Graphics (DPC,SPQR)

(/usr/share/texlive/texmf-dist/tex/latex/graphics/trig.sty
Package: trig 2016/01/03 v1.10 sin cos tan (DPC)
)
(/usr/share/texlive/texmf-dist/tex/latex/latexconfig/graphics.cfg
File: graphics.cfg 2010/04/23 v1.9 graphics configuration of TeX Live
)
Package graphics Info: Driver file: pdftex.def on input line 95.

(/usr/share/texlive/texmf-dist/tex/latex/pdftex-def/pdftex.def
File: pdftex.def 2011/05/27 v0.06d Graphics/color for pdfTeX

(/usr/share/texlive/texmf-dist/tex/generic/oberdiek/infwarerr.sty
Package: infwarerr 2010/04/08 v1.3 Providing info/warning/error messages (HO)
)
(/usr/share/texlive/texmf-dist/tex/generic/oberdiek/ltxcmds.sty
Package: ltxcmds 2011/11/09 v1.22 LaTeX kernel commands for general use (HO)
)
\Gread@gobject=\count91
))
\Gin@req@height=\dimen117
\Gin@req@width=\dimen118
)
(/usr/share/texlive/texmf-dist/tex/latex/amsmath/amsmath.sty
Package: amsmath 2016/03/03 v2.15a AMS math features
\@mathmargin=\skip44

For additional information on amsmath, use the `?' option.
(/usr/share/texlive/texmf-dist/tex/latex/amsmath/amstext.sty
Package: amstext 2000/06/29 v2.01 AMS text

(/usr/share/texlive/texmf-dist/tex/latex/amsmath/amsgen.sty
File: amsgen.sty 1999/11/30 v2.0 generic functions
\@emptytoks=\toks16
\ex@=\dimen119
))
(/usr/share/texlive/texmf-dist/tex/latex/amsmath/amsbsy.sty
Package: amsbsy 1999/11/29 v1.2d Bold Symbols
\pmbraise@=\dimen120
)
(/usr/share/texlive/texmf-dist/tex/latex/amsmath/amsopn.sty
Package: amsopn 1999/12/14 v2.01 operator names
)
\inf@bad=\count92
LaTeX Info: Redefining \frac on input line 199.
\uproot@=\count93
\leftroot@=\count94
LaTeX Info: Redefining \overline on input line 297.
\classnum@=\count95
\DOTSCASE@=\count96
LaTeX Info: Redefining \ldots on input line 394.
LaTeX Info: Redefining \dots on input line 397.
LaTeX Info: Redefining \cdots on input line 518.
\Mathstrutbox@=\box27
\strutbox@=\box28
\big@size=\dimen121
LaTeX Font Info:    Redeclaring font encoding OML on input line 630.
LaTeX Font Info:    Redeclaring font encoding OMS on input line 631.
\macc@depth=\count97
\c@MaxMatrixCols=\count98
\dotsspace@=\muskip10
\c@parentequation=\count99
\dspbrk@lvl=\count100
\tag@help=\toks17
\row@=\count101
\column@=\count102
\maxfields@=\count103
\andhelp@=\toks18
\eqnshift@=\dimen122
\alignsep@=\dimen123
\tagshift@=\dimen124
\tagwidth@=\dimen125
\totwidth@=\dimen126
\lineht@=\dimen127
\@envbody=\toks19
\multlinegap=\skip45
\multlinetaggap=\skip46
\mathdisplay@stack=\toks20
LaTeX Info: Redefining \[ on input line 2735.
LaTeX Info: Redefining \] on input line 2736.
)
(/usr/share/texlive/texmf-dist/tex/latex/amsfonts/amssymb.sty
Package: amssymb 2013/01/14 v3.01 AMS font symbols

(/usr/share/texlive/texmf-dist/tex/latex/amsfonts/amsfonts.sty
Package: amsfonts 2013/01/14 v3.01 Basic AMSFonts support
\symAMSa=\mathgroup4
\symAMSb=\mathgroup5
LaTeX Font Info:    Overwriting math alphabet `\mathfrak' in version `bold'
(Font)                  U/euf/m/n --> U/euf/b/n on input line 106.
))
(/usr/share/texlive/texmf-dist/tex/latex/wrapfig/wrapfig.sty
\wrapoverhang=\dimen128
\WF@size=\dimen129
\c@WF@wrappedlines=\count104
\WF@box=\box29
\WF@everypar=\toks21
Package: wrapfig 2003/01/31  v 3.6
)
(/usr/share/texlive/texmf-dist/tex/latex/url/url.sty
\Urlmuskip=\muskip11
Package: url 2013/09/16  ver 3.4  Verb mode for urls, etc.
)
(/usr/share/texlive/texmf-dist/tex/latex/subfig/subfig.sty
Package: subfig 2005/06/28 ver: 1.3 subfig package

(/usr/share/texlive/texmf-dist/tex/latex/caption/caption3.sty
Package: caption3 2016/02/04 v1.7-139 caption3 kernel (AR)
Package caption3 Info: TeX engine: e-TeX on input line 67.
\captionmargin=\dimen130
\captionmargin@=\dimen131
\captionwidth=\dimen132
\caption@tempdima=\dimen133
\caption@indent=\dimen134
\caption@parindent=\dimen135
\caption@hangindent=\dimen136
Package caption Info: Unknown document class (or package),
(caption)             standard defaults will be used.
)
\c@KVtest=\count105
\sf@farskip=\skip47
\sf@captopadj=\dimen137
\sf@capskip=\skip48
\sf@nearskip=\skip49
\c@subfigure=\count106
\c@subfigure@save=\count107
\c@lofdepth=\count108
\c@subtable=\count109
\c@subtable@save=\count110
\c@lotdepth=\count111
\sf@top=\skip50
\sf@bottom=\skip51
)
(/usr/share/texlive/texmf-dist/tex/latex/algorithmicx/algpseudocode.sty
Package: algpseudocode 

(/usr/share/texlive/texmf-dist/tex/latex/base/ifthen.sty
Package: ifthen 2014/09/29 v1.1c Standard LaTeX ifthen package (DPC)
)
(/usr/share/texlive/texmf-dist/tex/latex/algorithmicx/algorithmicx.sty
Package: algorithmicx 2005/04/27 v1.2 Algorithmicx

Document Style algorithmicx 1.2 - a greatly improved `algorithmic' style
\c@ALG@line=\count112
\c@ALG@rem=\count113
\c@ALG@nested=\count114
\ALG@tlm=\skip52
\ALG@thistlm=\skip53
\c@ALG@Lnr=\count115
\c@ALG@blocknr=\count116
\c@ALG@storecount=\count117
\c@ALG@tmpcounter=\count118
\ALG@tmplength=\skip54
)
Document Style - pseudocode environments for use with the `algorithmicx' style
) (./OnlineLearningIJCNN.aux)
\openout1 = `OnlineLearningIJCNN.aux'.

LaTeX Font Info:    Checking defaults for OML/cmm/m/it on input line 18.
LaTeX Font Info:    ... okay on input line 18.
LaTeX Font Info:    Checking defaults for T1/cmr/m/n on input line 18.
LaTeX Font Info:    ... okay on input line 18.
LaTeX Font Info:    Checking defaults for OT1/cmr/m/n on input line 18.
LaTeX Font Info:    ... okay on input line 18.
LaTeX Font Info:    Checking defaults for OMS/cmsy/m/n on input line 18.
LaTeX Font Info:    ... okay on input line 18.
LaTeX Font Info:    Checking defaults for OMX/cmex/m/n on input line 18.
LaTeX Font Info:    ... okay on input line 18.
LaTeX Font Info:    Checking defaults for U/cmr/m/n on input line 18.
LaTeX Font Info:    ... okay on input line 18.

(/usr/share/texlive/texmf-dist/tex/context/base/supp-pdf.mkii
[Loading MPS to PDF converter (version 2006.09.02).]
\scratchcounter=\count119
\scratchdimen=\dimen138
\scratchbox=\box30
\nofMPsegments=\count120
\nofMParguments=\count121
\everyMPshowfont=\toks22
\MPscratchCnt=\count122
\MPscratchDim=\dimen139
\MPnumerator=\count123
\makeMPintoPDFobject=\count124
\everyMPtoPDFconversion=\toks23
) (/usr/share/texlive/texmf-dist/tex/generic/oberdiek/pdftexcmds.sty
Package: pdftexcmds 2011/11/29 v0.20 Utility functions of pdfTeX for LuaTeX (HO
)

(/usr/share/texlive/texmf-dist/tex/generic/oberdiek/ifluatex.sty
Package: ifluatex 2010/03/01 v1.3 Provides the ifluatex switch (HO)
Package ifluatex Info: LuaTeX not detected.
)
(/usr/share/texlive/texmf-dist/tex/generic/oberdiek/ifpdf.sty
Package: ifpdf 2011/01/30 v2.3 Provides the ifpdf switch (HO)
Package ifpdf Info: pdfTeX in PDF mode is detected.
)
Package pdftexcmds Info: LuaTeX not detected.
Package pdftexcmds Info: \pdf@primitive is available.
Package pdftexcmds Info: \pdf@ifprimitive is available.
Package pdftexcmds Info: \pdfdraftmode found.
)
(/usr/share/texlive/texmf-dist/tex/latex/oberdiek/epstopdf-base.sty
Package: epstopdf-base 2010/02/09 v2.5 Base part for package epstopdf

(/usr/share/texlive/texmf-dist/tex/latex/oberdiek/grfext.sty
Package: grfext 2010/08/19 v1.1 Manage graphics extensions (HO)

(/usr/share/texlive/texmf-dist/tex/generic/oberdiek/kvdefinekeys.sty
Package: kvdefinekeys 2011/04/07 v1.3 Define keys (HO)
))
(/usr/share/texlive/texmf-dist/tex/latex/oberdiek/kvoptions.sty
Package: kvoptions 2011/06/30 v3.11 Key value format for package options (HO)

(/usr/share/texlive/texmf-dist/tex/generic/oberdiek/kvsetkeys.sty
Package: kvsetkeys 2012/04/25 v1.16 Key value parser (HO)

(/usr/share/texlive/texmf-dist/tex/generic/oberdiek/etexcmds.sty
Package: etexcmds 2011/02/16 v1.5 Avoid name clashes with e-TeX commands (HO)
Package etexcmds Info: Could not find \expanded.
(etexcmds)             That can mean that you are not using pdfTeX 1.50 or
(etexcmds)             that some package has redefined \expanded.
(etexcmds)             In the latter case, load this package earlier.
)))
Package grfext Info: Graphics extension search list:
(grfext)             [.png,.pdf,.jpg,.mps,.jpeg,.jbig2,.jb2,.PNG,.PDF,.JPG,.JPE
G,.JBIG2,.JB2,.eps]
(grfext)             \AppendGraphicsExtensions on input line 452.

(/usr/share/texlive/texmf-dist/tex/latex/latexconfig/epstopdf-sys.cfg
File: epstopdf-sys.cfg 2010/07/13 v1.3 Configuration of (r)epstopdf for TeX Liv
e
))
Package caption Info: Begin \AtBeginDocument code.
Package caption Info: subfig package v1.3 is loaded.
Package caption Info: End \AtBeginDocument code.
LaTeX Font Info:    Calculating math sizes for size <11> on input line 33.
LaTeX Font Info:    Try loading font information for U+msa on input line 33.

(/usr/share/texlive/texmf-dist/tex/latex/amsfonts/umsa.fd
File: umsa.fd 2013/01/14 v3.01 AMS symbols A
)
LaTeX Font Info:    Try loading font information for U+msb on input line 33.

(/usr/share/texlive/texmf-dist/tex/latex/amsfonts/umsb.fd
File: umsb.fd 2013/01/14 v3.01 AMS symbols B
) [1{/var/lib/texmf/fonts/map/pdftex/updmap/pdftex.map}


]
Underfull \hbox (badness 1424) in paragraph at lines 171--172
[]\OT1/ptm/m/n/10 Whenever a new pro-to-type $\OT1/cmr/m/n/10 (\OT1/cmr/bx/n/10
 w\OML/cmm/m/it/10 ; l\OT1/cmr/m/n/10 )$ \OT1/ptm/m/n/10 is pro-posed by a
 []


Underfull \hbox (badness 3098) in paragraph at lines 171--172
\OT1/ptm/m/n/10 place-ment strat-egy and in-serted into the net-work, i.e.
 []


Underfull \hbox (badness 10000) in paragraph at lines 171--172

 []


! Package amsmath Error: Erroneous nesting of equation structures;
(amsmath)                trying to recover with `aligned'.

See the amsmath package documentation for explanation.
Type  H <return>  for immediate help.
 ...                                              
                                                  
l.177 \end{align*}
                  
Try typing  <return>  to proceed.
If that doesn't work, type  X <return>  to quit.


LaTeX Warning: File `Images/Toy/Border_random_07_0_initial.png' not found on in
put line 245.


! Package pdftex.def Error: File `Images/Toy/Border_random_07_0_initial.png' no
t found.

See the pdftex.def package documentation for explanation.
Type  H <return>  for immediate help.
 ...                                              
                                                  
l.245 	}
        
Using draft setting for this image.
Try typing  <return>  to proceed.
If that doesn't work, type  X <return>  to quit.

LaTeX Font Info:    Try loading font information for OT1+pcr on input line 245.

(/usr/share/texlive/texmf-dist/tex/latex/psnfss/ot1pcr.fd
File: ot1pcr.fd 2001/06/04 font definitions for OT1/pcr.
)

LaTeX Warning: File `Images/Toy/Overlap_random_07_0_initial.png' not found on i
nput line 248.


! Package pdftex.def Error: File `Images/Toy/Overlap_random_07_0_initial.png' n
ot found.

See the pdftex.def package documentation for explanation.
Type  H <return>  for immediate help.
 ...                                              
                                                  
l.248 	}
        
Using draft setting for this image.
Try typing  <return>  to proceed.
If that doesn't work, type  X <return>  to quit.


LaTeX Warning: File `Images/Toy/Toy1_random_07_Closest_2_final.png' not found o
n input line 262.


! Package pdftex.def Error: File `Images/Toy/Toy1_random_07_Closest_2_final.png
' not found.

See the pdftex.def package documentation for explanation.
Type  H <return>  for immediate help.
 ...                                              
                                                  
l.262 .../Toy/Toy1_random_07_Closest_2_final.png}}
                                                  
Using draft setting for this image.
Try typing  <return>  to proceed.
If that doesn't work, type  X <return>  to quit.


LaTeX Warning: File `Images/Toy/Toy1_random_07_Cluster_1_final.png' not found o
n input line 263.


! Package pdftex.def Error: File `Images/Toy/Toy1_random_07_Cluster_1_final.png
' not found.

See the pdftex.def package documentation for explanation.
Type  H <return>  for immediate help.
 ...                                              
                                                  
l.263 .../Toy/Toy1_random_07_Cluster_1_final.png}}
                                                  
Using draft setting for this image.
Try typing  <return>  to proceed.
If that doesn't work, type  X <return>  to quit.


LaTeX Warning: File `Images/Toy/Toy1_random_07_Voronoi_0_final.png' not found o
n input line 264.


! Package pdftex.def Error: File `Images/Toy/Toy1_random_07_Voronoi_0_final.png
' not found.

See the pdftex.def package documentation for explanation.
Type  H <return>  for immediate help.
 ...                                              
                                                  
l.264 .../Toy/Toy1_random_07_Voronoi_0_final.png}}
                                                  
Using draft setting for this image.
Try typing  <return>  to proceed.
If that doesn't work, type  X <return>  to quit.


LaTeX Warning: File `Images/Toy/Toy1_random_07_SamplingCost_2_final.png' not fo
und on input line 265.


! Package pdftex.def Error: File `Images/Toy/Toy1_random_07_SamplingCost_2_fina
l.png' not found.

See the pdftex.def package documentation for explanation.
Type  H <return>  for immediate help.
 ...                                              
                                                  
l.265 ...Toy1_random_07_SamplingCost_2_final.png}}
                                                  
Using draft setting for this image.
Try typing  <return>  to proceed.
If that doesn't work, type  X <return>  to quit.


LaTeX Warning: File `Images/Toy/Toy3_random_07_Closest_2_final.png' not found o
n input line 267.


! Package pdftex.def Error: File `Images/Toy/Toy3_random_07_Closest_2_final.png
' not found.

See the pdftex.def package documentation for explanation.
Type  H <return>  for immediate help.
 ...                                              
                                                  
l.267 .../Toy/Toy3_random_07_Closest_2_final.png}}
                                                  
Using draft setting for this image.
Try typing  <return>  to proceed.
If that doesn't work, type  X <return>  to quit.


LaTeX Warning: File `Images/Toy/Toy3_random_07_Cluster_2_final.png' not found o
n input line 268.


! Package pdftex.def Error: File `Images/Toy/Toy3_random_07_Cluster_2_final.png
' not found.

See the pdftex.def package documentation for explanation.
Type  H <return>  for immediate help.
 ...                                              
                                                  
l.268 .../Toy/Toy3_random_07_Cluster_2_final.png}}
                                                  
Using draft setting for this image.
Try typing  <return>  to proceed.
If that doesn't work, type  X <return>  to quit.


LaTeX Warning: File `Images/Toy/Toy3_random_07_Voronoi_2_final.png' not found o
n input line 269.


! Package pdftex.def Error: File `Images/Toy/Toy3_random_07_Voronoi_2_final.png
' not found.

See the pdftex.def package documentation for explanation.
Type  H <return>  for immediate help.
 ...                                              
                                                  
l.269 .../Toy/Toy3_random_07_Voronoi_2_final.png}}
                                                  
Using draft setting for this image.
Try typing  <return>  to proceed.
If that doesn't work, type  X <return>  to quit.


LaTeX Warning: File `Images/Toy/Toy3_random_07_SamplingCost_9_final.png' not fo
und on input line 270.


! Package pdftex.def Error: File `Images/Toy/Toy3_random_07_SamplingCost_9_fina
l.png' not found.

See the pdftex.def package documentation for explanation.
Type  H <return>  for immediate help.
 ...                                              
                                                  
l.270 ...Toy3_random_07_SamplingCost_9_final.png}}
                                                  
Using draft setting for this image.
Try typing  <return>  to proceed.
If that doesn't work, type  X <return>  to quit.


LaTeX Warning: File `Images/Toy/Border_random_07_accuracy.pdf' not found on inp
ut line 334.


! Package pdftex.def Error: File `Images/Toy/Border_random_07_accuracy.pdf' not
 found.

See the pdftex.def package documentation for explanation.
Type  H <return>  for immediate help.
 ...                                              
                                                  
l.334 ...mages/Toy/Border_random_07_accuracy.pdf}}
                                                  
Using draft setting for this image.
Try typing  <return>  to proceed.
If that doesn't work, type  X <return>  to quit.


LaTeX Warning: File `Images/Toy/Overlap_random_07_accuracy.pdf' not found on in
put line 335.


! Package pdftex.def Error: File `Images/Toy/Overlap_random_07_accuracy.pdf' no
t found.

See the pdftex.def package documentation for explanation.
Type  H <return>  for immediate help.
 ...                                              
                                                  
l.335 ...ages/Toy/Overlap_random_07_accuracy.pdf}}
                                                  
Using draft setting for this image.
Try typing  <return>  to proceed.
If that doesn't work, type  X <return>  to quit.

[2] [3]

LaTeX Warning: File `Images/General/Scenario.jpg' not found on input line 346.


! Package pdftex.def Error: File `Images/General/Scenario.jpg' not found.

See the pdftex.def package documentation for explanation.
Type  H <return>  for immediate help.
 ...                                              
                                                  
l.346 ...5\textwidth]{Images/General/Scenario.jpg}
                                                  
Using draft setting for this image.
Try typing  <return>  to proceed.
If that doesn't work, type  X <return>  to quit.


LaTeX Warning: File `Images/General/VisualField.png' not found on input line 37
2.


! Package pdftex.def Error: File `Images/General/VisualField.png' not found.

See the pdftex.def package documentation for explanation.
Type  H <return>  for immediate help.
 ...                                              
                                                  
l.372 ...xtwidth]{Images/General/VisualField.png}}
                                                  ~
Using draft setting for this image.
Try typing  <return>  to proceed.
If that doesn't work, type  X <return>  to quit.


LaTeX Warning: File `Images/General/TallObject.jpg' not found on input line 373
.


! Package pdftex.def Error: File `Images/General/TallObject.jpg' not found.

See the pdftex.def package documentation for explanation.
Type  H <return>  for immediate help.
 ...                                              
                                                  
l.373 ...extwidth]{Images/General/TallObject.jpg}}
                                                  
Using draft setting for this image.
Try typing  <return>  to proceed.
If that doesn't work, type  X <return>  to quit.


Underfull \vbox (badness 2865) has occurred while \output is active []

 [4]

LaTeX Warning: File `Images/General/RgChromacityQuads.png' not found on input l
ine 405.


! Package pdftex.def Error: File `Images/General/RgChromacityQuads.png' not fou
nd.

See the pdftex.def package documentation for explanation.
Type  H <return>  for immediate help.
 ...                                              
                                                  
l.405 ...th]{Images/General/RgChromacityQuads.png}
                                                  
Using draft setting for this image.
Try typing  <return>  to proceed.
If that doesn't work, type  X <return>  to quit.


Underfull \hbox (badness 2158) in paragraph at lines 409--417
[][]\OT1/ptm/m/n/10 Since vi-sual ob-jects in our
 []


Underfull \hbox (badness 2418) in paragraph at lines 409--417
\OT1/ptm/m/n/10 ap-pli-ca-tion sce-nario are mostly
 []


Underfull \hbox (badness 5563) in paragraph at lines 409--417
\OT1/ptm/m/n/10 non-textured, we chose a rg-
 []


Underfull \hbox (badness 1371) in paragraph at lines 409--417
\OT1/ptm/m/n/10 chromaticity color his-togram as
 []


LaTeX Warning: File `Images/Outdoor/Runs.jpg' not found on input line 452.


! Package pdftex.def Error: File `Images/Outdoor/Runs.jpg' not found.

See the pdftex.def package documentation for explanation.
Type  H <return>  for immediate help.
 ...                                              
                                                  
l.452 ...h=0.3\textwidth]{Images/Outdoor/Runs.jpg}
                                                  
Using draft setting for this image.
Try typing  <return>  to proceed.
If that doesn't work, type  X <return>  to quit.


LaTeX Warning: File `Images/Outdoor/Cases/Cases_a.jpg' not found on input line 
465.


! Package pdftex.def Error: File `Images/Outdoor/Cases/Cases_a.jpg' not found.

See the pdftex.def package documentation for explanation.
Type  H <return>  for immediate help.
 ...                                              
                                                  
l.465 	}
        
Using draft setting for this image.
Try typing  <return>  to proceed.
If that doesn't work, type  X <return>  to quit.


LaTeX Warning: File `Images/Outdoor/Cases/Cases_b.jpg' not found on input line 
469.


! Package pdftex.def Error: File `Images/Outdoor/Cases/Cases_b.jpg' not found.

See the pdftex.def package documentation for explanation.
Type  H <return>  for immediate help.
 ...                                              
                                                  
l.469 	}
        
Using draft setting for this image.
Try typing  <return>  to proceed.
If that doesn't work, type  X <return>  to quit.


LaTeX Warning: File `Images/Outdoor/Cases/Cases_c.jpg' not found on input line 
473.


! Package pdftex.def Error: File `Images/Outdoor/Cases/Cases_c.jpg' not found.

See the pdftex.def package documentation for explanation.
Type  H <return>  for immediate help.
 ...                                              
                                                  
l.473 	}
        \vspace{1 pt}
Using draft setting for this image.
Try typing  <return>  to proceed.
If that doesn't work, type  X <return>  to quit.


LaTeX Warning: File `Images/Outdoor/Cases/Cases_d.jpg' not found on input line 
476.


! Package pdftex.def Error: File `Images/Outdoor/Cases/Cases_d.jpg' not found.

See the pdftex.def package documentation for explanation.
Type  H <return>  for immediate help.
 ...                                              
                                                  
l.476 	}
        
Using draft setting for this image.
Try typing  <return>  to proceed.
If that doesn't work, type  X <return>  to quit.


LaTeX Warning: File `Images/Outdoor/Cases/Cases_e.jpg' not found on input line 
480.


! Package pdftex.def Error: File `Images/Outdoor/Cases/Cases_e.jpg' not found.

See the pdftex.def package documentation for explanation.
Type  H <return>  for immediate help.
 ...                                              
                                                  
l.480 	}
        
Using draft setting for this image.
Try typing  <return>  to proceed.
If that doesn't work, type  X <return>  to quit.


LaTeX Warning: File `Images/Outdoor/Cases/Cases_f.jpg' not found on input line 
484.


! Package pdftex.def Error: File `Images/Outdoor/Cases/Cases_f.jpg' not found.

See the pdftex.def package documentation for explanation.
Type  H <return>  for immediate help.
 ...                                              
                                                  
l.484 	}
        
Using draft setting for this image.
Try typing  <return>  to proceed.
If that doesn't work, type  X <return>  to quit.


LaTeX Warning: Float too large for page by 60.5307pt on input line 489.


LaTeX Warning: File `Images/Outdoor/Impacts.jpg' not found on input line 500.


! Package pdftex.def Error: File `Images/Outdoor/Impacts.jpg' not found.

See the pdftex.def package documentation for explanation.
Type  H <return>  for immediate help.
 ...                                              
                                                  
l.500 ....4\textwidth]{Images/Outdoor/Impacts.jpg}
                                                  
Using draft setting for this image.
Try typing  <return>  to proceed.
If that doesn't work, type  X <return>  to quit.


Underfull \hbox (badness 1448) in paragraph at lines 443--518
\OT1/ptm/m/n/10 steps - namely seg-men-ta-tion, color space trans-for-ma-tion
 []


Underfull \hbox (badness 10000) in paragraph at lines 443--518

 []

[5]

LaTeX Warning: File `Images/Outdoor/OutdoorEasy_chunksRandomEqualCountPerLabel_
07_accuracy.pdf' not found on input line 566.


! Package pdftex.def Error: File `Images/Outdoor/OutdoorEasy_chunksRandomEqualC
ountPerLabel_07_accuracy.pdf' not found.

See the pdftex.def package documentation for explanation.
Type  H <return>  for immediate help.
 ...                                              
                                                  
l.566 ...ndomEqualCountPerLabel_07_accuracy.pdf}	}
                                                  
Using draft setting for this image.
Try typing  <return>  to proceed.
If that doesn't work, type  X <return>  to quit.


Underfull \hbox (badness 10000) in paragraph at lines 567--567
\OT1/ptm/m/n/8 Fig. 11.   Test-accuracies for
 []


Underfull \hbox (badness 10000) in paragraph at lines 567--567
\OT1/ptm/m/n/8 sequence-wise train-ing on the
 []

[6]

LaTeX Warning: File `Images/Outdoor/OutdoorEasy_chunksRandomEqualCountPerLabel_
07_Closest_hist.pdf' not found on input line 576.


! Package pdftex.def Error: File `Images/Outdoor/OutdoorEasy_chunksRandomEqualC
ountPerLabel_07_Closest_hist.pdf' not found.

See the pdftex.def package documentation for explanation.
Type  H <return>  for immediate help.
 ...                                              
                                                  
l.576 ...mEqualCountPerLabel_07_Closest_hist.pdf}}
                                                  
Using draft setting for this image.
Try typing  <return>  to proceed.
If that doesn't work, type  X <return>  to quit.


LaTeX Warning: File `Images/Outdoor/OutdoorEasy_chunksRandomEqualCountPerLabel_
07_Cluster_hist.pdf' not found on input line 578.


! Package pdftex.def Error: File `Images/Outdoor/OutdoorEasy_chunksRandomEqualC
ountPerLabel_07_Cluster_hist.pdf' not found.

See the pdftex.def package documentation for explanation.
Type  H <return>  for immediate help.
 ...                                              
                                                  
l.578 ...mEqualCountPerLabel_07_Cluster_hist.pdf}}
                                                  
Using draft setting for this image.
Try typing  <return>  to proceed.
If that doesn't work, type  X <return>  to quit.


LaTeX Warning: File `Images/Outdoor/OutdoorEasy_chunksRandomEqualCountPerLabel_
07_Voronoi_hist.pdf' not found on input line 580.


! Package pdftex.def Error: File `Images/Outdoor/OutdoorEasy_chunksRandomEqualC
ountPerLabel_07_Voronoi_hist.pdf' not found.

See the pdftex.def package documentation for explanation.
Type  H <return>  for immediate help.
 ...                                              
                                                  
l.580 ...mEqualCountPerLabel_07_Voronoi_hist.pdf}}
                                                  
Using draft setting for this image.
Try typing  <return>  to proceed.
If that doesn't work, type  X <return>  to quit.


LaTeX Warning: File `Images/Outdoor/OutdoorEasy_chunksRandomEqualCountPerLabel_
07_SamplingCost_hist.pdf' not found on input line 582.


! Package pdftex.def Error: File `Images/Outdoor/OutdoorEasy_chunksRandomEqualC
ountPerLabel_07_SamplingCost_hist.pdf' not found.

See the pdftex.def package documentation for explanation.
Type  H <return>  for immediate help.
 ...                                              
                                                  
l.582 ...lCountPerLabel_07_SamplingCost_hist.pdf}}
                                                  
Using draft setting for this image.
Try typing  <return>  to proceed.
If that doesn't work, type  X <return>  to quit.


LaTeX Warning: File `Images/Outdoor/Ranked/Hard/Philips_1_10.jpg' not found on 
input line 601.


! Package pdftex.def Error: File `Images/Outdoor/Ranked/Hard/Philips_1_10.jpg' 
not found.

See the pdftex.def package documentation for explanation.
Type  H <return>  for immediate help.
 ...                                              
                                                  
l.601 ...es/Outdoor/Ranked/Hard/Philips_1_10.jpg}}
                                                  
Using draft setting for this image.
Try typing  <return>  to proceed.
If that doesn't work, type  X <return>  to quit.


LaTeX Warning: File `Images/Outdoor/Ranked/Hard/Confused/Paddle_3_10.jpg' not f
ound on input line 602.


! Package pdftex.def Error: File `Images/Outdoor/Ranked/Hard/Confused/Paddle_3_
10.jpg' not found.

See the pdftex.def package documentation for explanation.
Type  H <return>  for immediate help.
 ...                                              
                                                  
l.602 ...or/Ranked/Hard/Confused/Paddle_3_10.jpg}}
                                                  ~
Using draft setting for this image.
Try typing  <return>  to proceed.
If that doesn't work, type  X <return>  to quit.


LaTeX Warning: File `Images/Outdoor/Ranked/Hard/Confused/Nokia_8_10.jpg' not fo
und on input line 603.


! Package pdftex.def Error: File `Images/Outdoor/Ranked/Hard/Confused/Nokia_8_1
0.jpg' not found.

See the pdftex.def package documentation for explanation.
Type  H <return>  for immediate help.
 ...                                              
                                                  
l.603 ...oor/Ranked/Hard/Confused/Nokia_8_10.jpg}}
                                                  ~
Using draft setting for this image.
Try typing  <return>  to proceed.
If that doesn't work, type  X <return>  to quit.


LaTeX Warning: File `Images/Outdoor/Ranked/Hard/Confused/RedBull_7_10.jpg' not 
found on input line 604.


! Package pdftex.def Error: File `Images/Outdoor/Ranked/Hard/Confused/RedBull_7
_10.jpg' not found.

See the pdftex.def package documentation for explanation.
Type  H <return>  for immediate help.
 ...                                              
                                                  
l.604 ...r/Ranked/Hard/Confused/RedBull_7_10.jpg}}
                                                  
Using draft setting for this image.
Try typing  <return>  to proceed.
If that doesn't work, type  X <return>  to quit.


LaTeX Warning: File `Images/Outdoor/Ranked/Hard/Forceps_7_10.jpg' not found on 
input line 606.


! Package pdftex.def Error: File `Images/Outdoor/Ranked/Hard/Forceps_7_10.jpg' 
not found.

See the pdftex.def package documentation for explanation.
Type  H <return>  for immediate help.
 ...                                              
                                                  
l.606 ...es/Outdoor/Ranked/Hard/Forceps_7_10.jpg}}
                                                  
Using draft setting for this image.
Try typing  <return>  to proceed.
If that doesn't work, type  X <return>  to quit.


LaTeX Warning: File `Images/Outdoor/Ranked/Hard/Confused/SmallDog_4_10.jpg' not
 found on input line 607.


! Package pdftex.def Error: File `Images/Outdoor/Ranked/Hard/Confused/SmallDog_
4_10.jpg' not found.

See the pdftex.def package documentation for explanation.
Type  H <return>  for immediate help.
 ...                                              
                                                  
l.607 .../Ranked/Hard/Confused/SmallDog_4_10.jpg}}
                                                  ~
Using draft setting for this image.
Try typing  <return>  to proceed.
If that doesn't work, type  X <return>  to quit.


LaTeX Warning: File `Images/Outdoor/Ranked/Hard/Confused/Coke_9_10.jpg' not fou
nd on input line 608.


! Package pdftex.def Error: File `Images/Outdoor/Ranked/Hard/Confused/Coke_9_10
.jpg' not found.

See the pdftex.def package documentation for explanation.
Type  H <return>  for immediate help.
 ...                                              
                                                  
l.608 ...door/Ranked/Hard/Confused/Coke_9_10.jpg}}
                                                  ~
Using draft setting for this image.
Try typing  <return>  to proceed.
If that doesn't work, type  X <return>  to quit.


LaTeX Warning: File `Images/Outdoor/Ranked/Hard/Confused/Stump_3_10.jpg' not fo
und on input line 609.


! Package pdftex.def Error: File `Images/Outdoor/Ranked/Hard/Confused/Stump_3_1
0.jpg' not found.

See the pdftex.def package documentation for explanation.
Type  H <return>  for immediate help.
 ...                                              
                                                  
l.609 ...oor/Ranked/Hard/Confused/Stump_3_10.jpg}}
                                                  
Using draft setting for this image.
Try typing  <return>  to proceed.
If that doesn't work, type  X <return>  to quit.


LaTeX Warning: File `Images/Outdoor/Ranked/Hard/Tomato_1_10.jpg' not found on i
nput line 611.


! Package pdftex.def Error: File `Images/Outdoor/Ranked/Hard/Tomato_1_10.jpg' n
ot found.

See the pdftex.def package documentation for explanation.
Type  H <return>  for immediate help.
 ...                                              
                                                  
l.611 ...ges/Outdoor/Ranked/Hard/Tomato_1_10.jpg}}
                                                  
Using draft setting for this image.
Try typing  <return>  to proceed.
If that doesn't work, type  X <return>  to quit.


LaTeX Warning: File `Images/Outdoor/Ranked/Hard/Confused/RedDuck_3_10.jpg' not 
found on input line 612.


! Package pdftex.def Error: File `Images/Outdoor/Ranked/Hard/Confused/RedDuck_3
_10.jpg' not found.

See the pdftex.def package documentation for explanation.
Type  H <return>  for immediate help.
 ...                                              
                                                  
l.612 ...r/Ranked/Hard/Confused/RedDuck_3_10.jpg}}
                                                  ~
Using draft setting for this image.
Try typing  <return>  to proceed.
If that doesn't work, type  X <return>  to quit.


LaTeX Warning: File `Images/Outdoor/Ranked/Hard/Confused/RedBall_3_10.jpg' not 
found on input line 613.


! Package pdftex.def Error: File `Images/Outdoor/Ranked/Hard/Confused/RedBall_3
_10.jpg' not found.

See the pdftex.def package documentation for explanation.
Type  H <return>  for immediate help.
 ...                                              
                                                  
l.613 ...r/Ranked/Hard/Confused/RedBall_3_10.jpg}}
                                                  
Using draft setting for this image.
Try typing  <return>  to proceed.
If that doesn't work, type  X <return>  to quit.


LaTeX Warning: File `Images/Outdoor/Ranked/Hard/Shoe_1_10.jpg' not found on inp
ut line 615.


! Package pdftex.def Error: File `Images/Outdoor/Ranked/Hard/Shoe_1_10.jpg' not
 found.

See the pdftex.def package documentation for explanation.
Type  H <return>  for immediate help.
 ...                                              
                                                  
l.615 ...mages/Outdoor/Ranked/Hard/Shoe_1_10.jpg}}
                                                  
Using draft setting for this image.
Try typing  <return>  to proceed.
If that doesn't work, type  X <return>  to quit.


LaTeX Warning: File `Images/Outdoor/Ranked/Hard/Confused/SmallDog_6_10.jpg' not
 found on input line 616.


! Package pdftex.def Error: File `Images/Outdoor/Ranked/Hard/Confused/SmallDog_
6_10.jpg' not found.

See the pdftex.def package documentation for explanation.
Type  H <return>  for immediate help.
 ...                                              
                                                  
l.616 .../Ranked/Hard/Confused/SmallDog_6_10.jpg}}
                                                  ~
Using draft setting for this image.
Try typing  <return>  to proceed.
If that doesn't work, type  X <return>  to quit.


LaTeX Warning: File `Images/Outdoor/Ranked/Hard/Confused/Tube_1_10.jpg' not fou
nd on input line 617.


! Package pdftex.def Error: File `Images/Outdoor/Ranked/Hard/Confused/Tube_1_10
.jpg' not found.

See the pdftex.def package documentation for explanation.
Type  H <return>  for immediate help.
 ...                                              
                                                  
l.617 ...door/Ranked/Hard/Confused/Tube_1_10.jpg}}
                                                  ~
Using draft setting for this image.
Try typing  <return>  to proceed.
If that doesn't work, type  X <return>  to quit.


LaTeX Warning: File `Images/Outdoor/Ranked/Hard/Confused/Leaves_7_10.jpg' not f
ound on input line 618.


! Package pdftex.def Error: File `Images/Outdoor/Ranked/Hard/Confused/Leaves_7_
10.jpg' not found.

See the pdftex.def package documentation for explanation.
Type  H <return>  for immediate help.
 ...                                              
                                                  
l.618 ...or/Ranked/Hard/Confused/Leaves_7_10.jpg}}
                                                  
Using draft setting for this image.
Try typing  <return>  to proceed.
If that doesn't work, type  X <return>  to quit.


LaTeX Warning: File `Images/Outdoor/Confusions.jpg' not found on input line 628
.


! Package pdftex.def Error: File `Images/Outdoor/Confusions.jpg' not found.

See the pdftex.def package documentation for explanation.
Type  H <return>  for immediate help.
 ...                                              
                                                  
l.628 ...textwidth]{Images/Outdoor/Confusions.jpg}
                                                  
Using draft setting for this image.
Try typing  <return>  to proceed.
If that doesn't work, type  X <return>  to quit.


LaTeX Warning: File `Images/Outdoor/Easy.jpg' not found on input line 635.


! Package pdftex.def Error: File `Images/Outdoor/Easy.jpg' not found.

See the pdftex.def package documentation for explanation.
Type  H <return>  for immediate help.
 ...                                              
                                                  
l.635 ...=0.48\textwidth]{Images/Outdoor/Easy.jpg}
                                                  
Using draft setting for this image.
Try typing  <return>  to proceed.
If that doesn't work, type  X <return>  to quit.


Underfull \hbox (badness 10000) in paragraph at lines 569--642
[]\OT1/ptm/m/n/10 Figure 11[] il-lus-trates
 []


Underfull \hbox (badness 10000) in paragraph at lines 569--642
\OT1/ptm/m/n/10 All plac-ing strate-gies
 []


Underfull \hbox (badness 10000) in paragraph at lines 569--642
\OT1/ptm/m/n/10 per-form sim-i-lar but
 []


Underfull \hbox (badness 10000) in paragraph at lines 569--642
\OT1/ptm/m/it/10 Sam-pling-Cost \OT1/ptm/m/n/10 leads
 []


Underfull \hbox (badness 10000) in paragraph at lines 569--642
\OT1/ptm/m/n/10 con-tin-u-ously through-out
 []


Underfull \hbox (badness 7012) in paragraph at lines 569--642
\OT1/ptm/m/n/10 the train-ing. Fig-ure 12[]
 []


Underfull \hbox (badness 10000) in paragraph at lines 569--642
\OT1/ptm/m/n/10 de-picts the pro-to-type
 []


Underfull \hbox (badness 10000) in paragraph at lines 569--642
\OT1/ptm/m/n/10 dis-tri-bu-tions among all
 []


Underfull \hbox (badness 10000) in paragraph at lines 569--642
\OT1/ptm/m/n/10 classes. The fact that
 []


Underfull \hbox (badness 7030) in paragraph at lines 569--642
\OT1/ptm/m/n/10 dis-tri-bu-tion with sev-eral
 []


Underfull \hbox (badness 2932) in paragraph at lines 569--642
\OT1/ptm/m/n/10 dif-fi-cult ob-jects claim-ing
 []


Underfull \hbox (badness 10000) in paragraph at lines 569--642
\OT1/ptm/m/n/10 classes. \OT1/ptm/m/it/10 Sam-pling-Cost
 []


Underfull \hbox (badness 10000) in paragraph at lines 569--642
\OT1/ptm/m/n/10 dis-tributes nodes very
 []


Underfull \hbox (badness 1584) in paragraph at lines 569--642
\OT1/ptm/m/n/10 al-go-rithms are shown in Fig-ure 14[]. The wool re-quires
 []


Underfull \vbox (badness 3098) has occurred while \output is active []

 [7]
Underfull \vbox (badness 10000) has occurred while \output is active []

 [8]
(./OnlineLearningIJCNN.bbl
Missing character: There is no Ã in font ptmr7t!
Missing character: There is no ¶ in font ptmr7t!

** WARNING: IEEEtran.bst: No hyphenation pattern has been
** loaded for the language `English'. Using the pattern for
** the default language instead.
)

** Conference Paper **
Before submitting the final camera ready copy, remember to:

 1. Manually equalize the lengths of two columns on the last page
 of your paper;

 2. Ensure that any PostScript and/or PDF output post-processing
 uses only Type 1 fonts and that every step in the generation
 process uses the appropriate paper size.

[9] (./OnlineLearningIJCNN.aux)

LaTeX Warning: Label(s) may have changed. Rerun to get cross-references right.

 ) 
Here is how much of TeX's memory you used:
 4683 strings out of 493029
 70917 string characters out of 6136234
 153875 words of memory out of 5000000
 8082 multiletter control sequences out of 15000+600000
 52599 words of font info for 113 fonts, out of 8000000 for 9000
 1144 hyphenation exceptions out of 8191
 38i,13n,49p,660b,422s stack positions out of 5000i,500n,10000p,200000b,80000s
{/usr/share/texlive/texmf-dist/fonts/enc/dvips/base/8r.enc}</usr/share/texliv
e/texmf-dist/fonts/type1/public/amsfonts/cm/cmbx10.pfb></usr/share/texlive/texm
f-dist/fonts/type1/public/amsfonts/cm/cmex10.pfb></usr/share/texlive/texmf-dist
/fonts/type1/public/amsfonts/cm/cmmi10.pfb></usr/share/texlive/texmf-dist/fonts
/type1/public/amsfonts/cm/cmmi7.pfb></usr/share/texlive/texmf-dist/fonts/type1/
public/amsfonts/cm/cmr10.pfb></usr/share/texlive/texmf-dist/fonts/type1/public/
amsfonts/cm/cmr7.pfb></usr/share/texlive/texmf-dist/fonts/type1/public/amsfonts
/cm/cmsy10.pfb></usr/share/texlive/texmf-dist/fonts/type1/public/amsfonts/cm/cm
sy7.pfb></usr/share/texlive/texmf-dist/fonts/type1/public/amsfonts/cm/cmsy8.pfb
></usr/share/texlive/texmf-dist/fonts/type1/public/amsfonts/symbols/msbm10.pfb>
</usr/share/texlive/texmf-dist/fonts/type1/urw/courier/ucrr8a.pfb></usr/share/t
exlive/texmf-dist/fonts/type1/urw/times/utmb8a.pfb></usr/share/texlive/texmf-di
st/fonts/type1/urw/times/utmbi8a.pfb></usr/share/texlive/texmf-dist/fonts/type1
/urw/times/utmr8a.pfb></usr/share/texlive/texmf-dist/fonts/type1/urw/times/utmr
i8a.pfb>
Output written on OnlineLearningIJCNN.pdf (9 pages, 204212 bytes).
PDF statistics:
 95 PDF objects out of 1000 (max. 8388607)
 68 compressed objects within 1 object stream
 0 named destinations out of 1000 (max. 500000)
 1 words of extra memory for PDF output out of 10000 (max. 10000000)

